1 #NS 0 Nat
2 #NS 1 zero
0 #EC 1 
3 #NS 1 succ
4 #NS 0 n
1 #EP #BD 4 0 0
1 #US 0
2 #ES 1
#IND 0 1 2 2 2 0 3 1 
5 #NS 0 aexp
6 #NS 5 ANum
7 #NS 0 a
8 #NS 7 _@
9 #NS 8 Test4export
10 #NS 9 Basic
11 #NS 10 _hyg
12 #NI 11 5
3 #EC 5 
4 #EP #BD 12 0 3
13 #NS 5 APlus
14 #NI 11 8
15 #NI 11 10
5 #EP #BD 15 3 3
6 #EP #BD 14 3 5
16 #NS 5 AMinus
17 #NS 5 AMult
#IND 0 5 2 4 6 4 13 6 16 6 17 6 
18 #NS 0 PUnit
19 #NS 18 unit
20 #NS 0 u
2 #UP 20
7 #EC 18 2
8 #ES 2
#IND 0 18 8 1 19 7 20
21 #NS 0 PProd
22 #NS 21 mk
23 #NS 0 α
24 #NS 0 β
25 #NS 0 v
3 #UP 25
9 #ES 3
26 #NS 0 fst
10 #EV 1
27 #NS 0 snd
11 #EC 21 2 3
12 #EV 3
13 #EA 11 12
14 #EV 2
15 #EA 13 14
16 #EP #BD 27 10 15
17 #EP #BD 26 10 16
18 #EP #BI 24 9 17
19 #EP #BI 23 8 18
4 #UM 1 2
5 #UM 4 3
20 #ES 5
21 #EP #BD 24 9 20
22 #EP #BD 23 8 21
#IND 2 21 22 1 22 19 20 25
28 #NS 5 below
29 #NS 0 motive
30 #NS 0 t
23 #EP #BD 30 3 8
24 #ES 4
25 #EP #BD 30 3 24
26 #EP #BI 29 23 25
31 #NS 5 rec
6 #US 4
27 #EC 31 6
28 #EL #BD 30 3 24
29 #EA 27 28
30 #EC 18 4
31 #EL #BD 12 0 30
32 #EA 29 31
32 #NS 0 a_ih
33 #NS 32 _@
34 #NS 33 Test4export
35 #NS 34 Basic
36 #NS 35 _hyg
37 #NI 36 8
38 #NI 36 10
33 #EC 21 4 4
34 #EC 21 2 4
35 #EV 5
36 #EA 35 12
37 #EA 34 36
38 #EA 37 10
39 #EA 33 38
40 #EA 35 14
41 #EA 34 40
42 #EV 0
43 #EA 41 42
44 #EA 39 43
45 #EL #BD 38 24 44
46 #EL #BD 37 24 45
47 #EL #BD 15 3 46
48 #EL #BD 14 3 47
49 #EA 32 48
50 #EA 49 48
51 #EA 50 48
52 #EA 51 42
53 #EL #BD 30 3 52
54 #EL #BI 29 23 53
#DEF 28 26 54 20
39 #NS 5 brecOn
40 #NS 0 F_1
41 #NS 0 f
55 #EC 28 2
56 #EA 55 14
57 #EA 56 42
58 #EA 12 10
59 #EP #BD 41 57 58
60 #EP #BD 30 3 59
61 #EA 14 10
62 #EP #BD 40 60 61
63 #EP #BD 30 3 62
64 #EP #BI 29 23 63
65 #EC 31 4
66 #EA 12 42
67 #EA 34 66
68 #EA 55 12
69 #EA 68 42
70 #EA 67 69
71 #EL #BD 30 3 70
72 #EA 65 71
73 #EC 22 2 4
74 #EC 6 
75 #EA 74 42
76 #EA 12 75
77 #EA 73 76
78 #EA 77 30
79 #EA 10 75
80 #EC 19 4
81 #EA 79 80
82 #EA 78 81
83 #EA 82 80
84 #EL #BD 12 0 83
85 #EA 72 84
86 #EV 4
87 #EA 86 10
88 #EA 34 87
89 #EA 55 86
90 #EA 89 10
91 #EA 88 90
92 #EA 35 10
93 #EA 34 92
94 #EA 55 35
95 #EA 94 10
96 #EA 93 95
97 #EV 6
98 #EC 13 
99 #EA 98 12
100 #EA 99 14
101 #EA 97 100
102 #EA 73 101
103 #EA 97 12
104 #EA 34 103
105 #EA 55 97
106 #EA 105 12
107 #EA 104 106
108 #EA 33 107
109 #EA 97 14
110 #EA 34 109
111 #EA 105 14
112 #EA 110 111
113 #EA 108 112
114 #EA 102 113
115 #EA 86 100
116 #EC 22 4 4
117 #EA 116 107
118 #EA 117 112
119 #EA 118 10
120 #EA 119 42
121 #EA 115 120
122 #EA 114 121
123 #EA 122 120
124 #EL #BD 38 96 123
125 #EL #BD 37 91 124
126 #EL #BD 15 3 125
127 #EL #BD 14 3 126
128 #EA 85 127
42 #NI 11 13
43 #NI 11 15
44 #NI 36 13
45 #NI 36 15
129 #EC 16 
130 #EA 129 12
131 #EA 130 14
132 #EA 97 131
133 #EA 73 132
134 #EA 133 113
135 #EA 86 131
136 #EA 135 120
137 #EA 134 136
138 #EA 137 120
139 #EL #BD 45 96 138
140 #EL #BD 44 91 139
141 #EL #BD 43 3 140
142 #EL #BD 42 3 141
143 #EA 128 142
46 #NI 11 18
47 #NI 11 20
48 #NI 36 18
49 #NI 36 20
144 #EC 17 
145 #EA 144 12
146 #EA 145 14
147 #EA 97 146
148 #EA 73 147
149 #EA 148 113
150 #EA 86 146
151 #EA 150 120
152 #EA 149 151
153 #EA 152 120
154 #EL #BD 49 96 153
155 #EL #BD 48 91 154
156 #EL #BD 47 3 155
157 #EL #BD 46 3 156
158 #EA 143 157
159 #EA 158 10
160 #EJ 21 0 159
161 #EL #BD 40 60 160
162 #EL #BD 30 3 161
163 #EL #BI 29 23 162
#DEF 39 64 163 20
50 #NS 5 casesOn
51 #NS 0 ANum
164 #EA 14 75
165 #EP #BD 12 0 164
52 #NS 0 APlus
166 #EA 98 10
167 #EA 166 42
168 #EA 86 167
169 #EP #BD 15 3 168
170 #EP #BD 14 3 169
53 #NS 0 AMinus
171 #EA 129 10
172 #EA 171 42
173 #EA 35 172
174 #EP #BD 43 3 173
175 #EP #BD 42 3 174
54 #NS 0 AMult
176 #EA 144 10
177 #EA 176 42
178 #EA 97 177
179 #EP #BD 47 3 178
180 #EP #BD 46 3 179
181 #EA 35 86
182 #EP #BD 54 180 181
183 #EP #BD 53 175 182
184 #EP #BD 52 170 183
185 #EP #BD 51 165 184
186 #EP #BD 30 3 185
187 #EP #BI 29 23 186
188 #EC 31 2
189 #EA 188 35
190 #EA 86 42
191 #EL #BD 12 0 190
192 #EA 189 191
193 #EV 7
194 #EA 193 10
195 #EV 8
196 #EA 195 10
197 #EA 103 14
198 #EL #BD 38 196 197
199 #EL #BD 37 194 198
200 #EL #BD 15 3 199
201 #EL #BD 14 3 200
202 #EA 192 201
203 #EA 36 14
204 #EL #BD 45 196 203
205 #EL #BD 44 194 204
206 #EL #BD 43 3 205
207 #EL #BD 42 3 206
208 #EA 202 207
209 #EA 86 12
210 #EA 209 14
211 #EL #BD 49 196 210
212 #EL #BD 48 194 211
213 #EL #BD 47 3 212
214 #EL #BD 46 3 213
215 #EA 208 214
216 #EA 215 86
217 #EL #BD 54 180 216
218 #EL #BD 53 175 217
219 #EL #BD 52 170 218
220 #EL #BD 51 165 219
221 #EL #BD 30 3 220
222 #EL #BI 29 23 221
#DEF 50 187 222 20
55 #NS 0 aeval
56 #NS 55 match_1
57 #NS 0 x
58 #NS 57 _@
59 #NS 58 Test4export
60 #NS 59 Basic
61 #NS 60 _hyg
62 #NI 61 81
63 #NI 62 92
64 #NS 0 u_1
7 #UP 64
223 #ES 7
224 #EP #BD 63 3 223
225 #EP #BD 29 224 186
65 #NS 0 h_1
66 #NS 0 h_2
67 #NS 0 h_3
68 #NS 0 h_4
226 #EC 50 7
227 #EA 97 42
228 #EL #BD 57 3 227
229 #EA 226 228
230 #EA 229 86
231 #EA 230 191
69 #NI 14 142
70 #NI 15 143
232 #EA 87 42
233 #EL #BD 70 3 232
234 #EL #BD 69 3 233
235 #EA 231 234
71 #NI 42 144
72 #NI 43 145
236 #EA 58 42
237 #EL #BD 72 3 236
238 #EL #BD 71 3 237
239 #EA 235 238
73 #NI 46 146
74 #NI 47 147
240 #EA 61 42
241 #EL #BD 74 3 240
242 #EL #BD 73 3 241
243 #EA 239 242
244 #EL #BD 68 180 243
245 #EL #BD 67 175 244
246 #EL #BD 66 170 245
247 #EL #BD 65 165 246
248 #EL #BD 63 3 247
249 #EL #BD 29 224 248
#DEF 56 225 249 64
75 #NS 0 outParam
250 #EP #BD 23 8 8
251 #EL #BD 23 8 42
#DEF 75 250 251 20
76 #NS 0 HAdd
77 #NS 76 mk
8 #US 2
252 #ES 8
9 #US 3
253 #ES 9
78 #NS 0 γ
79 #NS 0 w
10 #UP 79
11 #US 10
12 #US 11
254 #EC 75 12
255 #ES 11
256 #EA 254 255
80 #NS 0 hAdd
81 #NS 8 Init
82 #NS 81 Prelude
83 #NS 82 _hyg
84 #NI 83 2491
85 #NI 83 2493
257 #EP #BD 85 14 14
258 #EP #BD 84 14 257
259 #EC 76 2 3 10
260 #EA 259 12
261 #EA 260 14
262 #EA 261 10
263 #EP #BD 80 258 262
264 #EP #BI 78 256 263
265 #EP #BI 24 253 264
266 #EP #BI 23 252 265
13 #UM 8 9
14 #UM 13 11
267 #ES 14
268 #EP #BD 78 256 267
269 #EP #BD 24 253 268
270 #EP #BD 23 252 269
#IND 3 76 270 1 77 266 20 25 79
86 #NS 76 hAdd
87 #NS 0 self
271 #EA 259 14
272 #EA 271 10
273 #EA 272 42
274 #EP #BD 85 12 12
275 #EP #BD 84 12 274
276 #EP #BC 87 273 275
277 #EP #BI 78 256 276
278 #EP #BI 24 253 277
279 #EP #BI 23 252 278
280 #EJ 76 0 42
281 #EL #BC 87 273 280
282 #EL #BI 78 256 281
283 #EL #BD 24 253 282
284 #EL #BD 23 252 283
#DEF 86 279 284 20 25 79
88 #NS 0 Add
89 #NS 88 mk
90 #NS 0 add
91 #NI 83 2690
92 #NI 83 2692
285 #EP #BD 92 10 14
286 #EP #BD 91 42 285
287 #EC 88 2
288 #EA 287 10
289 #EP #BD 90 286 288
290 #EP #BI 23 252 289
291 #EP #BD 23 252 252
#IND 1 88 291 1 89 290 20
93 #NS 88 add
292 #EA 287 42
293 #EP #BD 92 14 12
294 #EP #BD 91 10 293
295 #EP #BC 87 292 294
296 #EP #BI 23 252 295
297 #EJ 88 0 42
298 #EL #BC 87 292 297
299 #EL #BD 23 252 298
#DEF 93 296 299 20
94 #NS 0 instHAdd
15 #US 7
300 #ES 15
95 #NS 0 inst
96 #NS 95 _@
97 #NS 96 Init
98 #NS 97 Prelude
99 #NS 98 _hyg
100 #NI 99 2867
301 #EC 88 7
302 #EA 301 42
303 #EC 76 7 7 7
304 #EA 303 10
305 #EA 304 10
306 #EA 305 10
307 #EP #BC 100 302 306
308 #EP #BI 23 300 307
309 #EC 77 7 7 7
310 #EA 309 10
311 #EA 310 10
312 #EA 311 10
101 #NS 0 b
313 #EC 93 7
314 #EA 313 12
315 #EA 314 14
316 #EA 315 10
317 #EA 316 42
318 #EL #BD 101 14 317
319 #EL #BD 7 10 318
320 #EA 312 319
321 #EL #BC 100 302 320
322 #EL #BI 23 300 321
#DEF 94 308 322 64
102 #NS 1 below
323 #EP #BD 30 0 8
324 #EP #BD 30 0 24
325 #EP #BI 29 323 324
103 #NS 1 rec
326 #EC 103 6
327 #EL #BD 30 0 24
328 #EA 326 327
329 #EA 328 30
104 #NS 0 n_ih
330 #EA 34 58
331 #EA 330 42
332 #EL #BD 104 24 331
333 #EL #BD 4 0 332
334 #EA 329 333
335 #EA 334 42
336 #EL #BD 30 0 335
337 #EL #BI 29 323 336
#DEF 102 325 337 20
105 #NS 1 brecOn
338 #EC 102 2
339 #EA 338 14
340 #EA 339 42
341 #EP #BD 41 340 58
342 #EP #BD 30 0 341
343 #EP #BD 40 342 61
344 #EP #BD 30 0 343
345 #EP #BI 29 323 344
346 #EC 103 4
347 #EA 338 12
348 #EA 347 42
349 #EA 67 348
350 #EL #BD 30 0 349
351 #EA 346 350
352 #EC 2 
353 #EA 14 352
354 #EA 73 353
355 #EA 354 30
356 #EA 42 352
357 #EA 356 80
358 #EA 355 357
359 #EA 358 80
360 #EA 351 359
361 #EC 3 
362 #EA 361 10
363 #EA 86 362
364 #EA 73 363
365 #EA 338 86
366 #EA 365 10
367 #EA 88 366
368 #EA 364 367
369 #EA 14 362
370 #EA 369 42
371 #EA 368 370
372 #EA 371 42
373 #EL #BD 104 349 372
374 #EL #BD 4 0 373
375 #EA 360 374
376 #EA 375 10
377 #EJ 21 0 376
378 #EL #BD 40 342 377
379 #EL #BD 30 0 378
380 #EL #BI 29 323 379
#DEF 105 345 380 20
106 #NS 1 casesOn
107 #NS 0 zero
381 #EA 10 352
108 #NS 0 succ
382 #EA 361 42
383 #EA 12 382
384 #EP #BD 4 0 383
385 #EA 12 14
386 #EP #BD 108 384 385
387 #EP #BD 107 381 386
388 #EP #BD 30 0 387
389 #EP #BI 29 323 388
390 #EC 103 2
391 #EA 390 12
392 #EA 391 10
393 #EL #BD 104 190 61
394 #EL #BD 4 0 393
395 #EA 392 394
396 #EA 395 14
397 #EL #BD 108 384 396
398 #EL #BD 107 381 397
399 #EL #BD 30 0 398
400 #EL #BI 29 323 399
#DEF 106 389 400 20
109 #NS 1 add
110 #NS 109 match_1
111 #NS 58 Init
112 #NS 111 Prelude
113 #NS 112 _hyg
114 #NI 113 3257
115 #NI 114 3276
116 #NI 113 3258
117 #NI 116 3279
401 #EP #BD 117 0 223
402 #EP #BD 115 0 401
403 #EA 66 352
404 #EP #BD 7 0 403
405 #EA 92 382
406 #EP #BD 101 0 405
407 #EP #BD 7 0 406
408 #EP #BD 66 407 210
409 #EP #BD 65 404 408
410 #EP #BD 117 0 409
411 #EP #BD 115 0 410
412 #EP #BD 29 402 411
413 #EC 106 7
414 #EA 181 42
415 #EL #BD 57 0 414
416 #EA 413 415
417 #EA 416 14
418 #EA 10 12
419 #EA 417 418
118 #NS 4 _@
119 #NS 118 Init
120 #NS 119 Prelude
121 #NS 120 _hyg
122 #NI 121 3302
420 #EA 10 86
421 #EA 420 42
422 #EL #BD 122 0 421
423 #EA 419 422
424 #EL #BD 66 407 423
425 #EL #BD 65 404 424
426 #EL #BD 117 0 425
427 #EL #BD 115 0 426
428 #EL #BD 29 402 427
#DEF 110 412 428 64
123 #NI 83 3246
124 #NI 83 3251
429 #EP #BD 124 0 0
430 #EP #BD 123 0 429
431 #EC 105 1
432 #EL #BD 116 0 429
433 #EA 431 432
434 #EA 433 42
435 #EC 102 1
436 #EA 435 432
437 #EA 436 42
438 #EC 110 1
125 #NI 113 3305
439 #EP #BD 125 437 0
440 #EL #BD 117 0 439
441 #EL #BD 115 0 440
442 #EA 438 441
443 #EA 442 42
444 #EA 443 14
445 #EA 436 352
446 #EL #BD 125 445 10
447 #EL #BD 7 0 446
448 #EA 444 447
449 #EA 436 382
450 #EJ 21 0 42
451 #EA 450 14
452 #EA 361 451
453 #EL #BD 125 449 452
454 #EL #BD 101 0 453
455 #EL #BD 7 0 454
456 #EA 448 455
457 #EA 456 10
458 #EL #BD 114 0 457
459 #EL #BD 41 437 458
460 #EL #BD 116 0 459
461 #EA 434 460
462 #EA 461 10
463 #EL #BD 116 0 462
464 #EL #BD 114 0 463
#DEF 109 430 464 
126 #NS 0 instAddNat
465 #EC 88 0
466 #EA 465 0
467 #EC 89 0
468 #EA 467 0
469 #EC 109 
470 #EA 468 469
#DEF 126 466 470 
127 #NS 0 HSub
128 #NS 127 mk
129 #NS 0 hSub
471 #EC 127 2 3 10
472 #EA 471 12
473 #EA 472 14
474 #EA 473 10
475 #EP #BD 129 258 474
476 #EP #BI 78 256 475
477 #EP #BI 24 253 476
478 #EP #BI 23 252 477
#IND 3 127 270 1 128 478 20 25 79
130 #NS 127 hSub
479 #EA 471 14
480 #EA 479 10
481 #EA 480 42
482 #EP #BC 87 481 275
483 #EP #BI 78 256 482
484 #EP #BI 24 253 483
485 #EP #BI 23 252 484
486 #EJ 127 0 42
487 #EL #BC 87 481 486
488 #EL #BI 78 256 487
489 #EL #BD 24 253 488
490 #EL #BD 23 252 489
#DEF 130 485 490 20 25 79
131 #NS 0 Sub
132 #NS 131 mk
133 #NS 0 sub
491 #EC 131 2
492 #EA 491 10
493 #EP #BD 133 286 492
494 #EP #BI 23 252 493
#IND 1 131 291 1 132 494 20
134 #NS 131 sub
495 #EA 491 42
496 #EP #BC 87 495 294
497 #EP #BI 23 252 496
498 #EJ 131 0 42
499 #EL #BC 87 495 498
500 #EL #BD 23 252 499
#DEF 134 497 500 20
135 #NS 0 instHSub
136 #NI 99 2889
501 #EC 131 7
502 #EA 501 42
503 #EC 127 7 7 7
504 #EA 503 10
505 #EA 504 10
506 #EA 505 10
507 #EP #BC 136 502 506
508 #EP #BI 23 300 507
509 #EC 128 7 7 7
510 #EA 509 10
511 #EA 510 10
512 #EA 511 10
513 #EC 134 7
514 #EA 513 12
515 #EA 514 14
516 #EA 515 10
517 #EA 516 42
518 #EL #BD 101 14 517
519 #EL #BD 7 10 518
520 #EA 512 519
521 #EL #BC 136 502 520
522 #EL #BI 23 300 521
#DEF 135 508 522 64
137 #NS 0 OfNat
138 #NS 137 mk
139 #NI 113 2207
140 #NS 0 ofNat
523 #EC 137 2
524 #EA 523 14
525 #EA 524 10
526 #EP #BD 140 10 525
527 #EP #BI 139 0 526
528 #EP #BI 23 252 527
529 #EP #BD 139 0 252
530 #EP #BD 23 252 529
#IND 2 137 530 1 138 528 20
141 #NS 137 ofNat
531 #EA 523 10
532 #EA 531 42
533 #EP #BC 87 532 14
534 #EP #BD 139 0 533
535 #EP #BI 23 252 534
536 #EJ 137 0 42
537 #EL #BC 87 532 536
538 #EL #BD 139 0 537
539 #EL #BD 23 252 538
#DEF 141 535 539 20
142 #NS 0 instOfNatNat
540 #EC 137 0
541 #EA 540 0
542 #EA 541 42
543 #EP #BD 4 0 542
544 #EC 138 0
545 #EA 544 0
546 #EA 545 42
547 #EA 546 42
548 #EL #BD 4 0 547
#DEF 142 543 548 
143 #NS 1 mul
144 #NS 143 match_1
145 #NI 113 3340
146 #NI 145 3359
147 #NI 113 3341
148 #NI 147 3362
149 #NI 113 3368
549 #EC 141 0
550 #EA 549 0
551 #ELN 0
552 #EA 550 551
553 #EC 142 
554 #EA 553 551
555 #EA 552 554
556 #EA 66 555
557 #EP #BD 149 0 556
558 #EP #BD 65 557 408
559 #EP #BD 148 0 558
560 #EP #BD 146 0 559
561 #EP #BD 29 402 560
562 #EL #BD 65 557 424
563 #EL #BD 148 0 562
564 #EL #BD 146 0 563
565 #EL #BD 29 402 564
#DEF 144 561 565 64
150 #NS 0 Unit
566 #EC 18 1
#DEF 150 2 566 
151 #NS 150 unit
567 #EC 150 
568 #EC 19 1
#DEF 151 567 568 
152 #NS 1 pow
153 #NS 152 match_1
154 #NI 113 3421
155 #NI 154 3432
569 #EA 14 555
570 #EP #BD 0 567 569
571 #EP #BD 65 570 386
572 #EP #BD 155 0 571
573 #EP #BD 29 401 572
574 #EL #BD 57 0 190
575 #EA 413 574
576 #EA 575 14
577 #EC 151 
578 #EA 10 577
579 #EA 576 578
156 #NI 121 3449
580 #EA 10 42
581 #EL #BD 156 0 580
582 #EA 579 581
583 #EL #BD 66 384 582
584 #EL #BD 65 570 583
585 #EL #BD 155 0 584
586 #EL #BD 29 401 585
#DEF 153 573 586 64
157 #NS 1 pred
158 #NI 113 4549
587 #EC 153 1
159 #NI 158 4560
588 #EL #BD 159 0 0
589 #EA 587 588
590 #EA 589 42
160 #NS 0 _
591 #EL #BD 160 567 555
592 #EA 590 591
593 #EL #BD 7 0 42
594 #EA 592 593
595 #EL #BD 158 0 594
#DEF 157 429 595 
161 #NS 1 sub
162 #NI 113 5706
163 #NI 113 5707
596 #EC 144 1
597 #EA 596 441
598 #EA 597 42
599 #EA 598 14
164 #NI 113 5753
600 #EA 436 555
601 #EL #BD 164 600 10
602 #EL #BD 149 0 601
603 #EA 599 602
604 #EC 157 
605 #EA 604 451
606 #EL #BD 164 449 605
607 #EL #BD 101 0 606
608 #EL #BD 7 0 607
609 #EA 603 608
610 #EA 609 10
611 #EL #BD 162 0 610
612 #EL #BD 41 437 611
613 #EL #BD 163 0 612
614 #EA 434 613
615 #EA 614 10
616 #EL #BD 163 0 615
617 #EL #BD 162 0 616
#DEF 161 430 617 
165 #NS 0 instSubNat
618 #EC 131 0
619 #EA 618 0
620 #EC 132 0
621 #EA 620 0
622 #EC 161 
623 #EA 621 622
#DEF 165 619 623 
166 #NS 0 HMul
167 #NS 166 mk
168 #NS 0 hMul
624 #EC 166 2 3 10
625 #EA 624 12
626 #EA 625 14
627 #EA 626 10
628 #EP #BD 168 258 627
629 #EP #BI 78 256 628
630 #EP #BI 24 253 629
631 #EP #BI 23 252 630
#IND 3 166 270 1 167 631 20 25 79
169 #NS 166 hMul
632 #EA 624 14
633 #EA 632 10
634 #EA 633 42
635 #EP #BC 87 634 275
636 #EP #BI 78 256 635
637 #EP #BI 24 253 636
638 #EP #BI 23 252 637
639 #EJ 166 0 42
640 #EL #BC 87 634 639
641 #EL #BI 78 256 640
642 #EL #BD 24 253 641
643 #EL #BD 23 252 642
#DEF 169 638 643 20 25 79
170 #NS 0 Mul
171 #NS 170 mk
172 #NS 0 mul
644 #EC 170 2
645 #EA 644 10
646 #EP #BD 172 286 645
647 #EP #BI 23 252 646
#IND 1 170 291 1 171 647 20
173 #NS 170 mul
648 #EA 644 42
649 #EP #BC 87 648 294
650 #EP #BI 23 252 649
651 #EJ 170 0 42
652 #EL #BC 87 648 651
653 #EL #BD 23 252 652
#DEF 173 650 653 20
174 #NS 0 instHMul
175 #NI 99 2911
654 #EC 170 7
655 #EA 654 42
656 #EC 166 7 7 7
657 #EA 656 10
658 #EA 657 10
659 #EA 658 10
660 #EP #BC 175 655 659
661 #EP #BI 23 300 660
662 #EC 167 7 7 7
663 #EA 662 10
664 #EA 663 10
665 #EA 664 10
666 #EC 173 7
667 #EA 666 12
668 #EA 667 14
669 #EA 668 10
670 #EA 669 42
671 #EL #BD 101 14 670
672 #EL #BD 7 10 671
673 #EA 665 672
674 #EL #BC 175 655 673
675 #EL #BI 23 300 674
#DEF 174 661 675 64
176 #NI 113 3390
676 #EL #BD 176 600 555
677 #EL #BD 149 0 676
678 #EA 599 677
679 #EA 469 451
680 #EA 679 14
681 #EL #BD 176 449 680
682 #EL #BD 101 0 681
683 #EL #BD 7 0 682
684 #EA 678 683
685 #EA 684 10
686 #EL #BD 145 0 685
687 #EL #BD 41 437 686
688 #EL #BD 147 0 687
689 #EA 434 688
690 #EA 689 10
691 #EL #BD 147 0 690
692 #EL #BD 145 0 691
#DEF 143 430 692 
177 #NS 0 instMulNat
693 #EC 170 0
694 #EA 693 0
695 #EC 171 0
696 #EA 695 0
697 #EC 143 
698 #EA 696 697
#DEF 177 694 698 
178 #NI 11 78
699 #EP #BD 178 3 0
700 #EC 39 1
701 #EL #BD 62 3 0
702 #EA 700 701
703 #EA 702 42
704 #EC 28 1
705 #EA 704 701
706 #EA 705 42
707 #EC 56 1
179 #NI 61 148
708 #EP #BD 179 706 0
709 #EL #BD 63 3 708
710 #EA 707 709
711 #EA 710 10
712 #EA 705 75
713 #EL #BD 179 712 10
714 #EL #BD 4 0 713
715 #EA 711 714
180 #NS 0 a1
181 #NS 0 a2
716 #EA 705 167
717 #EC 86 0 0 0
718 #EA 717 0
719 #EA 718 0
720 #EA 719 0
721 #EC 94 0
722 #EA 721 0
723 #EC 126 
724 #EA 722 723
725 #EA 720 724
726 #EJ 21 0 450
727 #EA 725 726
728 #EJ 21 1 42
729 #EJ 21 0 728
730 #EA 727 729
731 #EL #BD 179 716 730
732 #EL #BD 181 3 731
733 #EL #BD 180 3 732
734 #EA 715 733
735 #EA 705 172
736 #EC 130 0 0 0
737 #EA 736 0
738 #EA 737 0
739 #EA 738 0
740 #EC 135 0
741 #EA 740 0
742 #EC 165 
743 #EA 741 742
744 #EA 739 743
745 #EA 744 726
746 #EA 745 729
747 #EL #BD 179 735 746
748 #EL #BD 181 3 747
749 #EL #BD 180 3 748
750 #EA 734 749
751 #EA 705 177
752 #EC 169 0 0 0
753 #EA 752 0
754 #EA 753 0
755 #EA 754 0
756 #EC 174 0
757 #EA 756 0
758 #EC 177 
759 #EA 757 758
760 #EA 755 759
761 #EA 760 726
762 #EA 761 729
763 #EL #BD 179 751 762
764 #EL #BD 181 3 763
765 #EL #BD 180 3 764
766 #EA 750 765
767 #EA 766 42
768 #EL #BD 41 706 767
769 #EL #BD 62 3 768
770 #EA 703 769
771 #EL #BD 62 3 770
#DEF 55 699 771 
182 #NS 0 bexp
183 #NS 182 BTrue
772 #EC 182 
184 #NS 182 BFalse
185 #NS 182 BEq
186 #NI 11 160
187 #NI 11 162
773 #EP #BD 187 3 772
774 #EP #BD 186 3 773
188 #NS 182 BNeq
189 #NS 182 BLe
190 #NS 182 BGt
191 #NS 182 BNot
192 #NI 11 180
775 #EP #BD 192 772 772
193 #NS 182 BAnd
194 #NI 11 183
776 #EP #BD 194 772 775
#IND 0 182 2 8 183 772 184 772 185 774 188 774 189 774 190 774 191 775 193 776 
195 #NS 0 Bool
196 #NS 195 false
777 #EC 195 
197 #NS 195 true
#IND 0 195 2 2 196 777 197 777 
198 #NS 182 below
778 #EP #BD 30 772 8
779 #EP #BD 30 772 24
780 #EP #BI 29 778 779
199 #NS 182 rec
781 #EC 199 6
782 #EL #BD 30 772 24
783 #EA 781 782
784 #EA 783 30
785 #EA 784 30
786 #EL #BD 187 3 30
787 #EL #BD 186 3 786
788 #EA 785 787
789 #EA 788 787
790 #EA 789 787
791 #EA 790 787
792 #EL #BD 192 772 332
793 #EA 791 792
200 #NI 11 185
794 #EL #BD 200 772 46
795 #EL #BD 194 772 794
796 #EA 793 795
797 #EA 796 42
798 #EL #BD 30 772 797
799 #EL #BI 29 778 798
#DEF 198 780 799 20
201 #NS 182 brecOn
800 #EC 198 2
801 #EA 800 14
802 #EA 801 42
803 #EP #BD 41 802 58
804 #EP #BD 30 772 803
805 #EP #BD 40 804 61
806 #EP #BD 30 772 805
807 #EP #BI 29 778 806
808 #EC 199 4
809 #EA 800 12
810 #EA 809 42
811 #EA 67 810
812 #EL #BD 30 772 811
813 #EA 808 812
814 #EC 183 
815 #EA 14 814
816 #EA 73 815
817 #EA 816 30
818 #EA 42 814
819 #EA 818 80
820 #EA 817 819
821 #EA 820 80
822 #EA 813 821
823 #EC 184 
824 #EA 14 823
825 #EA 73 824
826 #EA 825 30
827 #EA 42 823
828 #EA 827 80
829 #EA 826 828
830 #EA 829 80
831 #EA 822 830
832 #EC 185 
833 #EA 832 10
834 #EA 833 42
835 #EA 86 834
836 #EA 73 835
837 #EA 836 30
838 #EA 14 834
839 #EA 838 80
840 #EA 837 839
841 #EA 840 80
842 #EL #BD 187 3 841
843 #EL #BD 186 3 842
844 #EA 831 843
202 #NI 11 165
203 #NI 11 167
845 #EC 188 
846 #EA 845 10
847 #EA 846 42
848 #EA 86 847
849 #EA 73 848
850 #EA 849 30
851 #EA 14 847
852 #EA 851 80
853 #EA 850 852
854 #EA 853 80
855 #EL #BD 203 3 854
856 #EL #BD 202 3 855
857 #EA 844 856
204 #NI 11 170
205 #NI 11 172
858 #EC 189 
859 #EA 858 10
860 #EA 859 42
861 #EA 86 860
862 #EA 73 861
863 #EA 862 30
864 #EA 14 860
865 #EA 864 80
866 #EA 863 865
867 #EA 866 80
868 #EL #BD 205 3 867
869 #EL #BD 204 3 868
870 #EA 857 869
206 #NI 11 175
207 #NI 11 177
871 #EC 190 
872 #EA 871 10
873 #EA 872 42
874 #EA 86 873
875 #EA 73 874
876 #EA 875 30
877 #EA 14 873
878 #EA 877 80
879 #EA 876 878
880 #EA 879 80
881 #EL #BD 207 3 880
882 #EL #BD 206 3 881
883 #EA 870 882
208 #NI 36 180
884 #EC 191 
885 #EA 884 10
886 #EA 86 885
887 #EA 73 886
888 #EA 800 86
889 #EA 888 10
890 #EA 88 889
891 #EA 887 890
892 #EA 14 885
893 #EA 892 42
894 #EA 891 893
895 #EA 894 42
896 #EL #BD 208 811 895
897 #EL #BD 192 772 896
898 #EA 883 897
209 #NI 36 183
210 #NI 36 185
899 #EA 800 35
900 #EA 899 10
901 #EA 93 900
902 #EC 193 
903 #EA 902 12
904 #EA 903 14
905 #EA 97 904
906 #EA 73 905
907 #EA 800 97
908 #EA 907 12
909 #EA 104 908
910 #EA 33 909
911 #EA 907 14
912 #EA 110 911
913 #EA 910 912
914 #EA 906 913
915 #EA 86 904
916 #EA 116 909
917 #EA 916 912
918 #EA 917 10
919 #EA 918 42
920 #EA 915 919
921 #EA 914 920
922 #EA 921 919
923 #EL #BD 210 901 922
924 #EL #BD 209 890 923
925 #EL #BD 200 772 924
926 #EL #BD 194 772 925
927 #EA 898 926
928 #EA 927 10
929 #EJ 21 0 928
930 #EL #BD 40 804 929
931 #EL #BD 30 772 930
932 #EL #BI 29 778 931
#DEF 201 807 932 20
211 #NS 182 casesOn
212 #NS 0 BTrue
933 #EA 10 814
213 #NS 0 BFalse
214 #NS 0 BEq
934 #EA 35 834
935 #EP #BD 187 3 934
936 #EP #BD 186 3 935
215 #NS 0 BNeq
937 #EA 97 847
938 #EP #BD 203 3 937
939 #EP #BD 202 3 938
216 #NS 0 BLe
940 #EA 193 860
941 #EP #BD 205 3 940
942 #EP #BD 204 3 941
217 #NS 0 BGt
943 #EA 195 873
944 #EP #BD 207 3 943
945 #EP #BD 206 3 944
218 #NS 0 BNot
946 #EA 884 42
947 #EA 195 946
948 #EP #BD 192 772 947
219 #NS 0 BAnd
949 #EV 10
950 #EA 902 10
951 #EA 950 42
952 #EA 949 951
953 #EP #BD 200 772 952
954 #EP #BD 194 772 953
955 #EV 9
956 #EA 955 195
957 #EP #BD 219 954 956
958 #EP #BD 218 948 957
959 #EP #BD 217 945 958
960 #EP #BD 216 942 959
961 #EP #BD 215 939 960
962 #EP #BD 214 936 961
963 #EP #BD 213 824 962
964 #EP #BD 212 933 963
965 #EP #BD 30 772 964
966 #EP #BI 29 778 965
967 #EC 199 2
968 #EA 967 955
969 #EA 968 193
970 #EA 969 97
971 #EA 194 42
972 #EL #BD 187 3 971
973 #EL #BD 186 3 972
974 #EA 970 973
975 #EA 97 10
976 #EA 975 42
977 #EL #BD 203 3 976
978 #EL #BD 202 3 977
979 #EA 974 978
980 #EA 92 42
981 #EL #BD 205 3 980
982 #EL #BD 204 3 981
983 #EA 979 982
984 #EA 983 234
985 #EA 949 42
986 #EL #BD 208 985 58
987 #EL #BD 192 772 986
988 #EA 984 987
989 #EV 11
990 #EA 989 10
991 #EV 12
992 #EA 991 10
993 #EL #BD 210 992 210
994 #EL #BD 209 990 993
995 #EL #BD 200 772 994
996 #EL #BD 194 772 995
997 #EA 988 996
998 #EA 997 195
999 #EL #BD 219 954 998
1000 #EL #BD 218 948 999
1001 #EL #BD 217 945 1000
1002 #EL #BD 216 942 1001
1003 #EL #BD 215 939 1002
1004 #EL #BD 214 936 1003
1005 #EL #BD 213 824 1004
1006 #EL #BD 212 933 1005
1007 #EL #BD 30 772 1006
1008 #EL #BI 29 778 1007
#DEF 211 966 1008 20
220 #NS 0 beval
221 #NS 220 match_1
222 #NI 61 276
223 #NI 222 287
1009 #EP #BD 223 772 223
1010 #EP #BD 0 567 815
1011 #EA 12 823
1012 #EP #BD 0 567 1011
1013 #EP #BD 66 1012 962
1014 #EP #BD 65 1010 1013
1015 #EP #BD 223 772 1014
1016 #EP #BD 29 1009 1015
224 #NS 0 h_5
225 #NS 0 h_6
226 #NS 0 h_7
227 #NS 0 h_8
1017 #EC 211 7
1018 #EL #BD 57 772 985
1019 #EA 1017 1018
1020 #EA 1019 195
1021 #EA 193 577
1022 #EA 1020 1021
1023 #EA 97 577
1024 #EA 1022 1023
1025 #EA 1024 973
1026 #EA 1025 978
1027 #EA 1026 982
1028 #EA 1027 234
228 #NI 192 398
1029 #EA 14 42
1030 #EL #BD 228 772 1029
1031 #EA 1028 1030
229 #NI 194 399
230 #NI 200 400
1032 #EL #BD 230 772 240
1033 #EL #BD 229 772 1032
1034 #EA 1031 1033
1035 #EL #BD 227 954 1034
1036 #EL #BD 226 948 1035
1037 #EL #BD 225 945 1036
1038 #EL #BD 224 942 1037
1039 #EL #BD 68 939 1038
1040 #EL #BD 67 936 1039
1041 #EL #BD 66 1012 1040
1042 #EL #BD 65 1010 1041
1043 #EL #BD 223 772 1042
1044 #EL #BD 29 1009 1043
#DEF 221 1016 1044 64
231 #NS 0 False
1045 #ES 0
#IND 0 231 1045 0  
232 #NS 0 Not
1046 #EP #BD 7 1045 1045
233 #NI 83 158
1047 #EC 231 
1048 #EP #BD 233 42 1047
1049 #EL #BD 7 1045 1048
#DEF 232 1046 1049 
234 #NS 0 Decidable
235 #NS 234 isFalse
236 #NS 0 p
237 #NS 0 h
1050 #EC 232 
1051 #EA 1050 42
1052 #EC 234 
1053 #EA 1052 10
1054 #EP #BD 237 1051 1053
1055 #EP #BI 236 1045 1054
238 #NS 234 isTrue
1056 #EP #BD 237 42 1053
1057 #EP #BI 236 1045 1056
1058 #EP #BD 236 1045 2
#IND 1 234 1058 2 235 1055 238 1057 
239 #NS 234 casesOn
1059 #EA 1052 42
1060 #EP #BD 30 1059 8
240 #NS 0 isFalse
1061 #EA 1050 14
1062 #EC 235 
1063 #EA 1062 12
1064 #EA 1063 42
1065 #EA 14 1064
1066 #EP #BD 237 1061 1065
241 #NS 0 isTrue
1067 #EC 238 
1068 #EA 1067 86
1069 #EA 1068 42
1070 #EA 12 1069
1071 #EP #BD 237 12 1070
1072 #EP #BD 241 1071 385
1073 #EP #BD 240 1066 1072
1074 #EP #BD 30 1053 1073
1075 #EP #BI 29 1060 1074
1076 #EP #BI 236 1045 1075
242 #NS 234 rec
1077 #EC 242 2
1078 #EA 1077 86
1079 #EA 1078 12
1080 #EA 1050 86
1081 #EL #BD 237 1080 1029
1082 #EA 1079 1081
1083 #EL #BD 237 86 580
1084 #EA 1082 1083
1085 #EA 1084 14
1086 #EL #BD 241 1071 1085
1087 #EL #BD 240 1066 1086
1088 #EL #BD 30 1053 1087
1089 #EL #BI 29 1060 1088
1090 #EL #BI 236 1045 1089
#DEF 239 1076 1090 20
243 #NS 234 decide
1091 #EP #BC 237 1059 777
1092 #EP #BD 236 1045 1091
1093 #EC 239 1
1094 #EA 1093 10
244 #NI 113 1416
1095 #EL #BD 244 1053 777
1096 #EA 1094 1095
1097 #EA 1096 42
245 #NI 113 1421
1098 #EA 1050 10
1099 #EC 196 
1100 #EL #BD 245 1098 1099
1101 #EA 1097 1100
246 #NI 113 1428
1102 #EC 197 
1103 #EL #BD 246 10 1102
1104 #EA 1101 1103
1105 #EL #BC 237 1059 1104
1106 #EL #BD 236 1045 1105
#DEF 243 1092 1106 
247 #NS 0 Eq
248 #NS 247 refl
1107 #EC 247 7
1108 #EA 1107 10
1109 #EA 1108 42
1110 #EA 1109 42
1111 #EP #BD 7 42 1110
1112 #EP #BI 23 223 1111
249 #NI 83 191
250 #NI 83 193
1113 #EP #BD 250 10 1045
1114 #EP #BD 249 42 1113
1115 #EP #BI 23 223 1114
#IND 2 247 1115 1 248 1112 64
251 #NS 0 DecidableEq
1116 #EP #BD 23 8 24
1117 #EC 247 2
1118 #EA 1117 14
1119 #EA 1118 10
1120 #EA 1119 42
1121 #EA 1052 1120
1122 #EP #BD 101 10 1121
1123 #EP #BD 7 42 1122
1124 #EL #BD 23 8 1123
#DEF 251 1116 1124 20
252 #NS 195 casesOn
1125 #EP #BD 30 777 8
253 #NS 0 false
1126 #EA 10 1099
254 #NS 0 true
1127 #EA 14 1102
1128 #EP #BD 254 1127 385
1129 #EP #BD 253 1126 1128
1130 #EP #BD 30 777 1129
1131 #EP #BI 29 1125 1130
255 #NS 195 rec
1132 #EC 255 2
1133 #EA 1132 12
1134 #EA 1133 10
1135 #EA 1134 42
1136 #EA 1135 14
1137 #EL #BD 254 1127 1136
1138 #EL #BD 253 1126 1137
1139 #EL #BD 30 777 1138
1140 #EL #BI 29 1125 1139
#DEF 252 1131 1140 20
256 #NS 1 decEq
257 #NS 256 match_1
258 #NI 113 3915
1141 #EP #BD 258 777 223
1142 #EC 247 1
1143 #EA 1142 777
1144 #EA 1143 42
1145 #EA 1144 1102
1146 #EP #BD 237 1145 1127
1147 #EA 1143 10
1148 #EA 1147 1099
1149 #EA 12 1099
1150 #EP #BD 237 1148 1149
1151 #EP #BD 66 1150 385
1152 #EP #BD 65 1146 1151
1153 #EP #BD 258 777 1152
1154 #EP #BD 29 1141 1153
1155 #EC 252 7
1156 #EA 1143 86
1157 #EA 1156 42
1158 #EP #BD 237 1157 975
1159 #EL #BD 57 777 1158
1160 #EA 1155 1159
1161 #EA 1160 42
1162 #EA 1161 10
1163 #EA 1162 14
1164 #EL #BD 258 777 1163
1165 #EA 1164 14
1166 #EC 248 1
1167 #EA 1166 777
1168 #EA 1167 14
1169 #EA 1165 1168
1170 #EL #BD 66 1150 1169
1171 #EL #BD 65 1146 1170
1172 #EL #BD 258 777 1171
1173 #EL #BD 29 1141 1172
#DEF 257 1154 1173 64
259 #NS 1 beq
260 #NS 259 match_1
261 #NI 113 3483
262 #NI 261 3502
263 #NI 113 3484
264 #NI 263 3505
1174 #EA 12 352
1175 #EA 1174 352
1176 #EP #BD 0 567 1175
265 #NI 121 3523
1177 #EA 86 352
1178 #EA 1177 382
1179 #EP #BD 265 0 1178
266 #NI 121 3535
1180 #EA 35 382
1181 #EA 1180 352
1182 #EP #BD 266 0 1181
267 #NS 0 m
1183 #EA 193 362
1184 #EA 1183 382
1185 #EP #BD 267 0 1184
1186 #EP #BD 4 0 1185
1187 #EA 97 35
1188 #EA 1187 86
1189 #EP #BD 68 1186 1188
1190 #EP #BD 67 1182 1189
1191 #EP #BD 66 1179 1190
1192 #EP #BD 65 1176 1191
1193 #EP #BD 264 0 1192
1194 #EP #BD 262 0 1193
1195 #EP #BD 29 402 1194
1196 #EA 193 42
1197 #EA 1196 35
1198 #EL #BD 57 0 1197
1199 #EA 413 1198
1200 #EA 1199 35
1201 #EA 193 352
1202 #EA 1201 42
1203 #EL #BD 57 0 1202
1204 #EA 413 1203
1205 #EA 1204 86
1206 #EA 12 577
1207 #EA 1205 1206
268 #NI 121 3553
1208 #EL #BD 268 0 66
1209 #EA 1207 1208
1210 #EA 1200 1209
269 #NI 121 3552
1211 #EA 195 362
1212 #EA 1211 42
1213 #EL #BD 57 0 1212
1214 #EA 413 1213
1215 #EA 1214 35
1216 #EA 1215 1029
270 #NI 121 3554
1217 #EL #BD 270 0 240
1218 #EA 1216 1217
1219 #EL #BD 269 0 1218
1220 #EA 1210 1219
1221 #EL #BD 68 1186 1220
1222 #EL #BD 67 1182 1221
1223 #EL #BD 66 1179 1222
1224 #EL #BD 65 1176 1223
1225 #EL #BD 264 0 1224
1226 #EL #BD 262 0 1225
1227 #EL #BD 29 402 1226
#DEF 260 1195 1227 64
271 #NI 83 3472
272 #NI 83 3477
1228 #EP #BD 272 0 777
1229 #EP #BD 271 0 1228
1230 #EL #BD 261 0 1228
1231 #EA 431 1230
1232 #EA 1231 10
1233 #EA 435 1230
1234 #EA 1233 42
1235 #EC 260 1
273 #NI 113 3555
1236 #EA 1233 10
1237 #EP #BD 273 1236 777
1238 #EL #BD 264 0 1237
1239 #EL #BD 262 0 1238
1240 #EA 1235 1239
1241 #EA 1240 14
1242 #EA 1241 42
1243 #EA 1233 352
1244 #EL #BD 273 1243 1102
1245 #EL #BD 0 567 1244
1246 #EA 1242 1245
1247 #EL #BD 273 1243 1099
1248 #EL #BD 265 0 1247
1249 #EA 1246 1248
1250 #EA 1233 382
1251 #EL #BD 273 1250 1099
1252 #EL #BD 266 0 1251
1253 #EA 1249 1252
1254 #EA 1233 362
1255 #EA 450 10
1256 #EL #BD 273 1254 1255
1257 #EL #BD 267 0 1256
1258 #EL #BD 4 0 1257
1259 #EA 1253 1258
1260 #EA 1259 10
1261 #EL #BD 263 0 1260
1262 #EL #BD 41 1234 1261
1263 #EL #BD 261 0 1262
1264 #EA 1232 1263
1265 #EA 1264 42
1266 #EL #BD 263 0 1265
1267 #EL #BD 261 0 1266
#DEF 259 1229 1267 
274 #NS 1 eq_of_beq_eq_true
275 #NS 274 match_1
276 #NI 113 3587
277 #NI 276 3614
278 #NI 113 3588
279 #NI 278 3617
280 #NI 113 3589
281 #NI 280 3620
1268 #EC 259 
1269 #EA 1268 10
1270 #EA 1269 42
1271 #EA 1143 1270
1272 #EA 1271 1102
1273 #EP #BD 281 1272 1045
1274 #EP #BD 279 0 1273
1275 #EP #BD 277 0 1274
282 #NI 113 3630
1276 #EA 1268 352
1277 #EA 1276 352
1278 #EA 1143 1277
1279 #EA 1278 1102
1280 #EA 1177 352
1281 #EA 1280 42
1282 #EP #BD 282 1279 1281
283 #NI 121 3645
1283 #EA 1276 382
1284 #EA 1143 1283
1285 #EA 1284 1102
1286 #EA 97 352
1287 #EA 1286 362
1288 #EA 1287 42
1289 #EP #BD 237 1285 1288
1290 #EP #BD 283 0 1289
284 #NI 121 3661
1291 #EA 1268 382
1292 #EA 1291 352
1293 #EA 1143 1292
1294 #EA 1293 1102
1295 #EA 1183 352
1296 #EA 1295 42
1297 #EP #BD 237 1294 1296
1298 #EP #BD 284 0 1297
1299 #EA 1268 362
1300 #EA 1299 382
1301 #EA 1143 1300
1302 #EA 1301 1102
1303 #EA 361 14
1304 #EA 955 1303
1305 #EA 1304 362
1306 #EA 1305 42
1307 #EP #BD 237 1302 1306
1308 #EP #BD 267 0 1307
1309 #EP #BD 4 0 1308
1310 #EA 193 97
1311 #EA 1310 35
1312 #EA 1311 86
1313 #EP #BD 68 1309 1312
1314 #EP #BD 67 1298 1313
1315 #EP #BD 66 1290 1314
1316 #EP #BD 65 1282 1315
1317 #EP #BD 281 1272 1316
1318 #EP #BD 279 0 1317
1319 #EP #BD 277 0 1318
1320 #EP #BD 29 1275 1319
1321 #EC 106 0
1322 #EA 1268 42
1323 #EA 1322 97
1324 #EA 1143 1323
1325 #EA 1324 1102
1326 #EA 955 10
1327 #EA 1326 193
1328 #EA 1327 42
1329 #EP #BD 281 1325 1328
1330 #EL #BD 57 0 1329
1331 #EA 1321 1330
1332 #EA 1331 97
1333 #EA 1276 35
1334 #EA 1143 1333
1335 #EA 1334 1102
1336 #EA 1276 42
1337 #EA 1143 1336
1338 #EA 1337 1102
1339 #EA 949 352
1340 #EA 1339 10
1341 #EA 1340 42
1342 #EP #BD 281 1338 1341
1343 #EL #BD 57 0 1342
1344 #EA 1321 1343
1345 #EA 1344 97
1346 #EA 35 42
1347 #EL #BD 281 1279 1346
1348 #EA 1345 1347
285 #NI 121 3709
1349 #EL #BD 281 1285 980
1350 #EL #BD 285 0 1349
1351 #EA 1348 1350
1352 #EA 1351 42
1353 #EL #BD 281 1335 1352
1354 #EA 1332 1353
286 #NI 121 3708
1355 #EA 1291 97
1356 #EA 1143 1355
1357 #EA 1356 1102
1358 #EA 1268 1303
1359 #EA 1358 42
1360 #EA 1143 1359
1361 #EA 1360 1102
1362 #EA 361 12
1363 #EA 989 1362
1364 #EA 1363 10
1365 #EA 1364 42
1366 #EP #BD 281 1361 1365
1367 #EL #BD 57 0 1366
1368 #EA 1321 1367
1369 #EA 1368 193
1370 #EA 1299 352
1371 #EA 1143 1370
1372 #EA 1371 1102
1373 #EA 86 14
1374 #EA 1373 42
1375 #EL #BD 281 1372 1374
1376 #EA 1369 1375
287 #NI 121 3710
1377 #EA 1358 382
1378 #EA 1143 1377
1379 #EA 1378 1102
1380 #EA 209 10
1381 #EA 1380 42
1382 #EL #BD 281 1379 1381
1383 #EL #BD 287 0 1382
1384 #EA 1376 1383
1385 #EA 1384 42
1386 #EL #BD 281 1357 1385
1387 #EL #BD 286 0 1386
1388 #EA 1354 1387
1389 #EA 1388 86
1390 #EL #BD 68 1309 1389
1391 #EL #BD 67 1298 1390
1392 #EL #BD 66 1290 1391
1393 #EL #BD 65 1282 1392
1394 #EL #BD 281 1272 1393
1395 #EL #BD 279 0 1394
1396 #EL #BD 277 0 1395
1397 #EL #BD 29 1275 1396
#DEF 275 1320 1397 
288 #NS 0 rfl
1398 #EA 1117 10
1399 #EA 1398 42
1400 #EA 1399 42
1401 #EP #BI 7 42 1400
1402 #EP #BI 23 8 1401
1403 #EC 248 2
1404 #EA 1403 10
1405 #EA 1404 42
1406 #EL #BI 7 42 1405
1407 #EL #BI 23 8 1406
#DEF 288 1402 1407 20
289 #NS 195 noConfusionType
290 #NS 0 P
291 #NS 0 v1
1408 #EP #BD 291 777 1125
1409 #EP #BD 290 8 1408
292 #NS 0 v2
1410 #EC 252 8
1411 #EL #BD 291 777 8
1412 #EA 1410 1411
1413 #EA 1412 10
1414 #EA 1412 42
1415 #EA 1414 293
1416 #EA 1415 14
1417 #EA 1413 1416
1418 #EA 1414 14
1419 #EA 1418 293
1420 #EA 1417 1419
1421 #EL #BD 292 777 1420
1422 #EL #BD 291 777 1421
1423 #EL #BD 290 8 1422
#DEF 289 1409 1423 20
293 #NS 247 ndrec
294 #NS 0 u2
16 #UP 294
1424 #ES 16
295 #NI 83 209
296 #NS 0 u1
17 #UP 296
1425 #ES 17
1426 #EP #BD 295 10 1425
1427 #EA 42 10
1428 #EC 247 16
1429 #EA 1428 86
1430 #EA 1429 12
1431 #EA 1430 42
1432 #EP #BD 237 1431 58
1433 #EP #BI 101 12 1432
1434 #EP #BD 267 1427 1433
1435 #EP #BI 29 1426 1434
1436 #EP #BI 7 42 1435
1437 #EP #BI 23 1424 1436
297 #NS 247 rec
1438 #EC 297 17 16
1439 #EA 1438 35
1440 #EA 1439 86
298 #NI 113 222
299 #NI 113 221
1441 #EA 1428 97
1442 #EA 1441 35
1443 #EA 1442 42
1444 #EL #BD 299 1443 92
1445 #EL #BD 298 35 1444
1446 #EA 1440 1445
1447 #EA 1446 14
1448 #EA 1447 10
1449 #EA 1448 42
1450 #EL #BD 237 1431 1449
1451 #EL #BI 101 12 1450
1452 #EL #BD 267 1427 1451
1453 #EL #BI 29 1426 1452
1454 #EL #BI 7 42 1453
1455 #EL #BI 23 1424 1454
#DEF 293 1437 1455 296 294
300 #NS 195 noConfusion
301 #NS 0 h12
1456 #EA 1147 42
1457 #EC 289 2
1458 #EA 1457 12
1459 #EA 1458 14
1460 #EA 1459 10
1461 #EP #BD 301 1456 1460
1462 #EP #BI 292 777 1461
1463 #EP #BI 291 777 1462
1464 #EP #BI 290 8 1463
1465 #EC 293 2 1
1466 #EA 1465 777
1467 #EA 1466 14
302 #NS 0 h1a
1468 #EA 1143 12
1469 #EA 1468 42
1470 #EA 1457 35
1471 #EA 1470 86
1472 #EA 1471 10
1473 #EP #BD 302 1469 1472
1474 #EL #BD 7 777 1473
1475 #EA 1467 1474
303 #NS 0 h11
1476 #EA 1143 14
1477 #EA 1476 14
1478 #EC 252 2
1479 #EA 1470 42
1480 #EA 1479 42
1481 #EL #BI 291 777 1480
1482 #EA 1478 1481
1483 #EA 1482 12
1484 #EL #BD 7 86 42
1485 #EA 1483 1484
1486 #EA 1485 1484
1487 #EL #BD 303 1477 1486
1488 #EA 1475 1487
1489 #EA 1488 10
1490 #EA 1489 42
1491 #EA 1490 42
1492 #EL #BD 301 1456 1491
1493 #EL #BI 292 777 1492
1494 #EL #BI 291 777 1493
1495 #EL #BI 290 8 1494
#DEF 300 1464 1495 20
304 #NS 0 letFun
305 #NI 83 59
1496 #EP #BD 305 42 9
1497 #EP #BD 57 14 1029
1498 #EP #BD 41 1497 61
1499 #EP #BD 25 10 1498
1500 #EP #BI 24 1496 1499
1501 #EP #BI 23 8 1500
1502 #EL #BD 41 1497 1427
1503 #EL #BD 25 10 1502
1504 #EL #BI 24 1496 1503
1505 #EL #BI 23 8 1504
#DEF 304 1501 1505 20 25
306 #NI 83 3576
1506 #EA 1142 0
1507 #EA 1506 14
1508 #EA 1507 10
1509 #EP #BD 306 1272 1508
1510 #EP #BI 267 0 1509
1511 #EP #BI 4 0 1510
1512 #EC 105 0
1513 #EL #BD 276 0 1510
1514 #EA 1512 1513
1515 #EA 1514 14
1516 #EC 102 0
1517 #EA 1516 1513
1518 #EA 1517 42
1519 #EA 1268 14
1520 #EA 1519 42
1521 #EA 1143 1520
1522 #EA 1521 1102
1523 #EC 275 
307 #NI 113 3711
1524 #EA 1517 14
1525 #EA 1506 12
1526 #EA 1525 14
1527 #EP #BD 307 1524 1526
1528 #EL #BD 281 1272 1527
1529 #EL #BD 279 0 1528
1530 #EL #BD 277 0 1529
1531 #EA 1523 1530
1532 #EA 1531 12
1533 #EA 1532 10
1534 #EA 1533 42
1535 #EA 1517 352
1536 #EC 288 1
1537 #EA 1536 0
1538 #EA 1537 352
1539 #EL #BD 307 1535 1538
1540 #EL #BD 282 1279 1539
1541 #EA 1534 1540
1542 #EC 300 0
1543 #EA 1506 352
1544 #EA 1543 1303
1545 #EA 1542 1544
1546 #EA 1276 1303
1547 #EA 1545 1546
1548 #EA 1547 1102
1549 #EA 1548 10
1550 #EL #BD 307 1535 1549
1551 #EL #BD 237 1285 1550
1552 #EL #BD 283 0 1551
1553 #EA 1541 1552
1554 #EA 1517 362
1555 #EA 1506 1303
1556 #EA 1555 352
1557 #EA 1542 1556
1558 #EA 1358 352
1559 #EA 1557 1558
1560 #EA 1559 1102
1561 #EA 1560 10
1562 #EL #BD 307 1554 1561
1563 #EL #BD 237 1294 1562
1564 #EL #BD 284 0 1563
1565 #EA 1553 1564
1566 #EA 1517 1303
1567 #EC 304 0 0
1568 #EA 1268 12
1569 #EA 1568 14
1570 #EA 1143 1569
1571 #EA 1570 1102
1572 #EA 1567 1571
308 #NS 0 this
1573 #EA 361 86
1574 #EA 1506 1573
1575 #EA 1574 1362
1576 #EL #BD 308 1571 1575
1577 #EA 1572 1576
1578 #EA 1577 10
1579 #EA 1506 86
1580 #EA 1579 12
1581 #EA 1567 1580
1582 #EA 361 35
1583 #EA 1506 1582
1584 #EA 1583 1573
1585 #EL #BD 308 1580 1584
1586 #EA 1581 1585
1587 #EJ 21 0 10
1588 #EA 1587 12
1589 #EA 1588 42
1590 #EA 1586 1589
1591 #EC 297 0 1
1592 #EA 1591 0
1593 #EA 1592 35
309 #NI 113 3706
310 #NS 237 _@
311 #NS 310 Init
312 #NS 311 Prelude
313 #NS 312 _hyg
314 #NI 313 3707
1594 #EA 1506 97
1595 #EA 1594 42
1596 #EA 361 193
1597 #EA 1506 1596
1598 #EA 1597 362
1599 #EL #BD 314 1595 1598
1600 #EL #BD 309 0 1599
1601 #EA 1593 1600
1602 #EA 1537 1582
1603 #EA 1601 1602
1604 #EA 1603 86
1605 #EA 1604 42
1606 #EL #BD 308 1580 1605
1607 #EA 1590 1606
1608 #EL #BD 308 1571 1607
1609 #EA 1578 1608
1610 #EL #BD 307 1566 1609
1611 #EL #BD 237 1302 1610
1612 #EL #BD 267 0 1611
1613 #EL #BD 4 0 1612
1614 #EA 1565 1613
1615 #EA 1614 14
1616 #EL #BD 280 1522 1615
1617 #EL #BD 278 0 1616
1618 #EL #BD 41 1518 1617
1619 #EL #BD 276 0 1618
1620 #EA 1515 1619
1621 #EA 1620 10
1622 #EA 1621 42
1623 #EL #BD 280 1272 1622
1624 #EL #BD 278 0 1623
1625 #EL #BD 276 0 1624
#DEF 274 1511 1625 
315 #NS 1 ne_of_beq_eq_false
316 #NS 315 match_1
317 #NI 113 3737
318 #NI 317 3772
319 #NI 113 3738
320 #NI 319 3775
321 #NI 113 3739
322 #NI 321 3778
1626 #EA 1271 1099
323 #NI 113 3740
324 #NI 323 3781
1627 #EP #BD 324 1508 1045
1628 #EP #BD 322 1626 1627
1629 #EP #BD 320 0 1628
1630 #EP #BD 318 0 1629
325 #NS 0 h₁
1631 #EA 1278 1099
326 #NI 113 3793
1632 #EA 1543 352
1633 #EA 1286 352
1634 #EA 1633 10
1635 #EA 1634 42
1636 #EP #BD 326 1632 1635
1637 #EP #BD 325 1631 1636
327 #NI 121 3813
328 #NI 113 3814
1638 #EA 1284 1099
329 #NS 0 h₂
1639 #EA 1543 362
1640 #EA 195 352
1641 #EA 1640 1303
1642 #EA 1641 10
1643 #EA 1642 42
1644 #EP #BD 329 1639 1643
1645 #EP #BD 328 1638 1644
1646 #EP #BD 327 0 1645
330 #NI 121 3834
331 #NI 113 3835
1647 #EA 1293 1099
1648 #EA 1506 362
1649 #EA 1648 352
1650 #EA 1304 352
1651 #EA 1650 10
1652 #EA 1651 42
1653 #EP #BD 329 1649 1652
1654 #EP #BD 331 1647 1653
1655 #EP #BD 330 0 1654
1656 #EA 1301 1099
1657 #EA 1555 362
1658 #EA 1363 1303
1659 #EA 1658 10
1660 #EA 1659 42
1661 #EP #BD 329 1657 1660
1662 #EP #BD 325 1656 1661
1663 #EP #BD 267 0 1662
1664 #EP #BD 4 0 1663
1665 #EA 195 193
1666 #EA 1665 97
1667 #EA 1666 35
1668 #EA 1667 86
1669 #EP #BD 68 1664 1668
1670 #EP #BD 67 1655 1669
1671 #EP #BD 66 1646 1670
1672 #EP #BD 65 1637 1671
1673 #EP #BD 324 1508 1672
1674 #EP #BD 322 1626 1673
1675 #EP #BD 320 0 1674
1676 #EP #BD 318 0 1675
1677 #EP #BD 29 1630 1676
1678 #EA 1322 193
1679 #EA 1143 1678
1680 #EA 1679 1099
1681 #EA 1506 10
1682 #EA 1681 195
1683 #EA 989 14
1684 #EA 1683 955
1685 #EA 1684 10
1686 #EA 1685 42
1687 #EP #BD 324 1682 1686
1688 #EP #BD 322 1680 1687
1689 #EL #BD 57 0 1688
1690 #EA 1321 1689
1691 #EA 1690 193
1692 #EA 1276 97
1693 #EA 1143 1692
1694 #EA 1693 1099
1695 #EA 1543 193
1696 #EA 1337 1099
1697 #EA 1543 10
1698 #EV 13
1699 #EA 1698 352
1700 #EA 1699 14
1701 #EA 1700 10
1702 #EA 1701 42
1703 #EP #BD 324 1697 1702
1704 #EP #BD 322 1696 1703
1705 #EL #BD 57 0 1704
1706 #EA 1321 1705
1707 #EA 1706 195
1708 #EL #BD 324 1632 971
1709 #EL #BD 322 1631 1708
1710 #EA 1707 1709
332 #NI 121 3885
1711 #EA 193 14
1712 #EA 1711 10
1713 #EA 1712 42
1714 #EL #BD 324 1639 1713
1715 #EL #BD 322 1638 1714
1716 #EL #BD 332 0 1715
1717 #EA 1710 1716
1718 #EA 1717 10
1719 #EA 1718 42
1720 #EL #BD 324 1695 1719
1721 #EL #BD 322 1694 1720
1722 #EA 1691 1721
333 #NI 121 3884
1723 #EA 1291 193
1724 #EA 1143 1723
1725 #EA 1724 1099
1726 #EA 1648 195
1727 #EA 1268 1362
1728 #EA 1727 42
1729 #EA 1143 1728
1730 #EA 1729 1099
1731 #EA 1574 10
1732 #EV 14
1733 #EA 1732 1582
1734 #EA 1733 14
1735 #EA 1734 10
1736 #EA 1735 42
1737 #EP #BD 324 1731 1736
1738 #EP #BD 322 1730 1737
1739 #EL #BD 57 0 1738
1740 #EA 1321 1739
1741 #EA 1740 955
1742 #EA 1143 1558
1743 #EA 1742 1099
1744 #EA 1506 1362
1745 #EA 1744 352
1746 #EA 97 86
1747 #EA 1746 10
1748 #EA 1747 42
1749 #EL #BD 324 1745 1748
1750 #EL #BD 322 1743 1749
1751 #EA 1741 1750
334 #NI 121 3886
1752 #EA 1727 382
1753 #EA 1143 1752
1754 #EA 1753 1099
1755 #EA 1574 362
1756 #EA 1187 14
1757 #EA 1756 10
1758 #EA 1757 42
1759 #EL #BD 324 1755 1758
1760 #EL #BD 322 1754 1759
1761 #EL #BD 334 0 1760
1762 #EA 1751 1761
1763 #EA 1762 10
1764 #EA 1763 42
1765 #EL #BD 324 1726 1764
1766 #EL #BD 322 1725 1765
1767 #EL #BD 333 0 1766
1768 #EA 1722 1767
1769 #EA 1768 35
1770 #EA 1769 86
1771 #EL #BD 68 1664 1770
1772 #EL #BD 67 1655 1771
1773 #EL #BD 66 1646 1772
1774 #EL #BD 65 1637 1773
1775 #EL #BD 324 1508 1774
1776 #EL #BD 322 1626 1775
1777 #EL #BD 320 0 1776
1778 #EL #BD 318 0 1777
1779 #EL #BD 29 1630 1778
#DEF 316 1677 1779 
335 #NS 1 noConfusionType
1780 #EP #BD 291 0 323
1781 #EP #BD 290 8 1780
1782 #EC 106 8
1783 #EL #BD 291 0 8
1784 #EA 1782 1783
1785 #EA 1784 10
1786 #EA 1784 42
1787 #EA 1786 293
1788 #EL #BD 4 0 12
1789 #EA 1787 1788
1790 #EA 1785 1789
1791 #EA 1785 12
336 #NS 0 n_eq
1792 #EA 1681 42
1793 #EP #BD 336 1792 35
1794 #EP #BD 7 1793 35
1795 #EL #BD 4 0 1794
1796 #EA 1791 1795
1797 #EL #BD 4 0 1796
1798 #EA 1790 1797
1799 #EL #BD 292 0 1798
1800 #EL #BD 291 0 1799
1801 #EL #BD 290 8 1800
#DEF 335 1781 1801 20
337 #NS 1 noConfusion
1802 #EC 335 2
1803 #EA 1802 12
1804 #EA 1803 14
1805 #EA 1804 10
1806 #EP #BD 301 1792 1805
1807 #EP #BI 292 0 1806
1808 #EP #BI 291 0 1807
1809 #EP #BI 290 8 1808
1810 #EA 1465 0
1811 #EA 1810 14
1812 #EA 1525 42
1813 #EA 1802 35
1814 #EA 1813 86
1815 #EA 1814 10
1816 #EP #BD 302 1812 1815
1817 #EL #BD 7 0 1816
1818 #EA 1811 1817
1819 #EA 1507 14
1820 #EC 106 2
1821 #EA 1813 42
1822 #EA 1821 42
1823 #EL #BI 291 0 1822
1824 #EA 1820 1823
1825 #EA 1824 12
1826 #EA 1825 1484
1827 #EA 1506 42
1828 #EA 1827 42
1829 #EP #BD 336 1828 97
1830 #EA 1166 0
1831 #EA 1830 10
1832 #EA 42 1831
1833 #EL #BD 7 1829 1832
1834 #EL #BD 4 0 1833
1835 #EA 1826 1834
1836 #EL #BD 303 1819 1835
1837 #EA 1818 1836
1838 #EA 1837 10
1839 #EA 1838 42
1840 #EA 1839 42
1841 #EL #BD 301 1792 1840
1842 #EL #BI 292 0 1841
1843 #EL #BI 291 0 1842
1844 #EL #BI 290 8 1843
#DEF 337 1809 1844 20
338 #NS 0 absurd
1845 #EP #BD 329 1061 14
1846 #EP #BD 325 10 1845
1847 #EP #BI 101 9 1846
1848 #EP #BI 7 1045 1847
339 #NS 231 rec
1849 #EC 339 3
340 #NI 113 186
1850 #EL #BD 340 1047 12
1851 #EA 1849 1850
1852 #EA 1851 1427
1853 #EL #BD 329 1061 1852
1854 #EL #BD 325 10 1853
1855 #EL #BI 101 9 1854
1856 #EL #BI 7 1045 1855
#DEF 338 1848 1856 25
341 #NI 83 3723
1857 #EA 1050 1508
1858 #EP #BD 341 1626 1857
1859 #EP #BI 267 0 1858
1860 #EP #BI 4 0 1859
1861 #EP #BD 323 1508 1047
1862 #EP #BD 321 1626 1861
1863 #EP #BD 319 0 1862
1864 #EL #BD 317 0 1863
1865 #EA 1512 1864
1866 #EA 1865 12
1867 #EA 1516 1864
1868 #EA 1867 42
1869 #EA 1521 1099
1870 #EA 1525 10
1871 #EC 316 
342 #NI 113 3887
1872 #EA 1867 12
1873 #EP #BD 342 1872 1047
1874 #EL #BD 324 1508 1873
1875 #EL #BD 322 1626 1874
1876 #EL #BD 320 0 1875
1877 #EL #BD 318 0 1876
1878 #EA 1871 1877
1879 #EA 1878 86
1880 #EA 1879 14
1881 #EA 1880 10
1882 #EA 1881 42
1883 #EA 1867 352
1884 #EA 1542 1047
1885 #EA 1884 1277
1886 #EA 1885 1099
1887 #EA 1886 14
1888 #EL #BD 342 1883 1887
1889 #EL #BD 326 1632 1888
1890 #EL #BD 325 1631 1889
1891 #EA 1882 1890
1892 #EC 337 0
1893 #EA 1892 1047
1894 #EA 1893 352
1895 #EA 1894 1362
1896 #EA 1895 10
1897 #EL #BD 342 1883 1896
1898 #EL #BD 329 1639 1897
1899 #EL #BD 328 1638 1898
1900 #EL #BD 327 0 1899
1901 #EA 1891 1900
1902 #EA 1867 1303
1903 #EA 1893 1362
1904 #EA 1903 352
1905 #EA 1904 10
1906 #EL #BD 342 1902 1905
1907 #EL #BD 329 1649 1906
1908 #EL #BD 331 1647 1907
1909 #EL #BD 330 0 1908
1910 #EA 1901 1909
1911 #EA 1867 1362
1912 #EA 1268 86
1913 #EA 1912 12
1914 #EA 1143 1913
1915 #EA 1914 1099
1916 #EA 1567 1915
1917 #EL #BD 308 1915 1047
1918 #EA 1916 1917
1919 #EA 1918 14
1920 #EA 1893 1582
1921 #EA 1920 1573
1922 #EA 1921 14
1923 #EA 1506 35
1924 #EA 1923 86
1925 #EC 338 0
1926 #EA 1594 35
1927 #EA 1925 1926
1928 #EA 1927 1047
1929 #EA 1928 42
1930 #EJ 21 0 14
1931 #EA 1930 35
1932 #EA 1931 10
1933 #EA 1929 1932
1934 #EL #BD 329 1924 1933
1935 #EA 1922 1934
1936 #EL #BD 308 1915 1935
1937 #EA 1919 1936
1938 #EL #BD 342 1911 1937
1939 #EL #BD 329 1657 1938
1940 #EL #BD 325 1656 1939
1941 #EL #BD 267 0 1940
1942 #EL #BD 4 0 1941
1943 #EA 1910 1942
1944 #EA 1943 12
1945 #EL #BD 323 1870 1944
1946 #EL #BD 321 1869 1945
1947 #EL #BD 319 0 1946
1948 #EL #BD 41 1868 1947
1949 #EL #BD 317 0 1948
1950 #EA 1866 1949
1951 #EA 1950 14
1952 #EA 1951 10
1953 #EA 1952 42
1954 #EL #BD 323 1508 1953
1955 #EL #BD 321 1626 1954
1956 #EL #BD 319 0 1955
1957 #EL #BD 317 0 1956
#DEF 315 1860 1957 
1958 #EA 1142 0
1959 #EA 1958 10
1960 #EA 1959 42
1961 #EA 1052 1960
1962 #EP #BD 267 0 1961
1963 #EP #BD 4 0 1962
1964 #EC 257 1
1965 #EA 1958 14
1966 #EA 1965 10
1967 #EA 1052 1966
1968 #EL #BD 258 777 1967
1969 #EA 1964 1968
1970 #EA 1969 1270
1971 #EA 1067 1966
1972 #EC 274 
1973 #EA 1972 14
1974 #EA 1973 10
1975 #EA 1974 42
1976 #EA 1971 1975
1977 #EL #BD 237 1272 1976
1978 #EA 1970 1977
1979 #EA 1062 1966
1980 #EC 315 
1981 #EA 1980 14
1982 #EA 1981 10
1983 #EA 1982 42
1984 #EA 1979 1983
1985 #EL #BD 237 1626 1984
1986 #EA 1978 1985
1987 #EL #BD 267 0 1986
1988 #EL #BD 4 0 1987
#DEF 256 1963 1988 
343 #NS 0 instDecidableEqNat
1989 #EC 251 1
1990 #EA 1989 0
1991 #EC 256 
#DEF 343 1990 1991 
344 #NS 0 instDecidableAnd
345 #NS 344 match_1
346 #NS 0 q
347 #NS 0 dq
348 #NS 347 _@
349 #NS 348 Init
350 #NS 349 Prelude
351 #NS 350 _hyg
352 #NI 351 1943
1992 #EP #BD 352 1059 223
353 #NS 0 hq
1993 #EA 1067 12
1994 #EA 1993 42
1995 #EA 14 1994
1996 #EP #BD 353 14 1995
1997 #EA 1050 12
1998 #EA 1062 86
1999 #EA 1998 42
2000 #EA 12 1999
2001 #EP #BD 353 1997 2000
2002 #EP #BD 66 2001 385
2003 #EP #BD 65 1996 2002
2004 #EP #BD 352 1053 2003
2005 #EP #BD 29 1992 2004
2006 #EP #BI 346 1045 2005
2007 #EC 239 7
2008 #EA 2007 86
2009 #EA 1052 86
2010 #EL #BD 57 2009 190
2011 #EA 2008 2010
2012 #EA 2011 14
354 #NI 313 1970
2013 #EL #BD 354 1080 580
2014 #EA 2012 2013
355 #NI 313 1971
2015 #EL #BD 355 86 1029
2016 #EA 2014 2015
2017 #EL #BD 66 2001 2016
2018 #EL #BD 65 1996 2017
2019 #EL #BD 352 1053 2018
2020 #EL #BD 29 1992 2019
2021 #EL #BI 346 1045 2020
#DEF 345 2006 2021 64
356 #NS 0 instDecidableNot
357 #NS 0 dp
2022 #EA 1052 1098
2023 #EP #BC 357 1059 2022
2024 #EP #BI 236 1045 2023
2025 #EC 345 1
2026 #EA 2025 10
358 #NS 357 _@
359 #NS 358 Init
360 #NS 359 Prelude
361 #NS 360 _hyg
362 #NI 361 2090
2027 #EA 1052 1061
2028 #EL #BD 362 1053 2027
2029 #EA 2026 2028
2030 #EA 2029 42
363 #NS 0 hp
2031 #EA 1062 1061
2032 #EA 1925 14
2033 #EA 2032 1047
2034 #EA 2033 42
2035 #EA 2031 2034
2036 #EL #BD 363 10 2035
2037 #EA 2030 2036
2038 #EA 1067 1061
2039 #EA 2038 42
2040 #EL #BD 363 1098 2039
2041 #EA 2037 2040
2042 #EL #BC 357 1059 2041
2043 #EL #BI 236 1045 2042
#DEF 356 2024 2043 
364 #NS 0 LE
365 #NS 364 mk
366 #NS 0 le
2044 #EC 364 2
2045 #EA 2044 10
2046 #EP #BD 366 1114 2045
2047 #EP #BI 23 252 2046
#IND 1 364 291 1 365 2047 20
367 #NS 364 le
2048 #EA 2044 42
368 #NI 83 2225
369 #NI 83 2227
2049 #EP #BD 369 14 1045
2050 #EP #BD 368 10 2049
2051 #EP #BC 87 2048 2050
2052 #EP #BI 23 252 2051
2053 #EJ 364 0 42
2054 #EL #BC 87 2048 2053
2055 #EL #BD 23 252 2054
#DEF 367 2052 2055 20
370 #NS 1 le
371 #NS 370 refl
2056 #EC 370 
2057 #EA 2056 42
2058 #EA 2057 42
2059 #EP #BI 4 0 2058
372 #NS 370 step
373 #NI 83 4046
2060 #EA 2056 10
2061 #EA 2060 42
2062 #EA 2056 14
2063 #EA 2062 362
2064 #EP #BD 373 2061 2063
2065 #EP #BI 267 0 2064
2066 #EP #BI 4 0 2065
374 #NI 83 4039
2067 #EP #BD 374 0 1045
2068 #EP #BD 4 0 2067
#IND 1 370 2068 2 371 2059 372 2066 
375 #NS 0 instLENat
2069 #EC 364 0
2070 #EA 2069 0
2071 #EC 365 0
2072 #EA 2071 0
2073 #EA 2072 2056
#DEF 375 2070 2073 
376 #NS 0 dite
377 #NS 0 c
378 #NI 83 1879
2074 #EP #BD 378 10 12
379 #NS 0 e
380 #NI 83 1882
2075 #EP #BD 380 1061 86
2076 #EP #BD 379 2075 86
2077 #EP #BD 30 2074 2076
2078 #EP #BC 237 1059 2077
2079 #EP #BD 377 1045 2078
2080 #EP #BI 23 8 2079
2081 #EC 239 2
2082 #EA 2081 12
381 #NI 113 1888
2083 #EA 1052 12
2084 #EL #BD 381 2083 35
2085 #EA 2082 2084
2086 #EA 2085 14
2087 #EA 2086 42
2088 #EA 2087 10
2089 #EL #BD 379 2075 2088
2090 #EL #BD 30 2074 2089
2091 #EL #BC 237 1059 2090
2092 #EL #BD 377 1045 2091
2093 #EL #BI 23 8 2092
#DEF 376 2080 2093 20
382 #NS 1 ble
383 #NI 113 3956
384 #NI 113 3957
2094 #EL #BD 265 0 1244
2095 #EA 1246 2094
2096 #EA 2095 1252
2097 #EA 2096 1258
2098 #EA 2097 10
2099 #EL #BD 384 0 2098
2100 #EL #BD 41 1234 2099
2101 #EL #BD 383 0 2100
2102 #EA 1232 2101
2103 #EA 2102 42
2104 #EL #BD 384 0 2103
2105 #EL #BD 383 0 2104
#DEF 382 1229 2105 
385 #NS 195 decEq
386 #NS 385 match_1
387 #NI 83 1787
2106 #EP #BD 387 777 1141
388 #NS 101 _@
389 #NS 388 Init
390 #NS 389 Prelude
391 #NS 390 _hyg
392 #NI 391 1789
2107 #EA 1149 1099
2108 #EP #BD 0 567 2107
2109 #EA 86 1099
2110 #EA 2109 1102
2111 #EP #BD 0 567 2110
2112 #EA 35 1102
2113 #EA 2112 1099
2114 #EP #BD 0 567 2113
2115 #EA 97 1102
2116 #EA 2115 1102
2117 #EP #BD 0 567 2116
2118 #EP #BD 68 2117 1188
2119 #EP #BD 67 2114 2118
2120 #EP #BD 66 2111 2119
2121 #EP #BD 65 2108 2120
2122 #EP #BD 392 777 2121
2123 #EP #BD 387 777 2122
2124 #EP #BD 29 2106 2123
2125 #EL #BD 57 777 1197
2126 #EA 1155 2125
2127 #EA 2126 35
2128 #EA 193 1099
2129 #EA 2128 42
2130 #EL #BD 57 777 2129
2131 #EA 1155 2130
2132 #EA 2131 86
2133 #EA 2132 1206
2134 #EA 14 577
2135 #EA 2133 2134
2136 #EA 2127 2135
2137 #EA 193 1102
2138 #EA 2137 42
2139 #EL #BD 57 777 2138
2140 #EA 1155 2139
2141 #EA 2140 86
2142 #EA 2141 578
2143 #EA 42 577
2144 #EA 2142 2143
2145 #EA 2136 2144
2146 #EL #BD 68 2117 2145
2147 #EL #BD 67 2114 2146
2148 #EL #BD 66 2111 2147
2149 #EL #BD 65 2108 2148
2150 #EL #BD 392 777 2149
2151 #EL #BD 387 777 2150
2152 #EL #BD 29 2106 2151
#DEF 386 2124 2152 64
2153 #EA 1052 1456
2154 #EP #BD 101 777 2153
2155 #EP #BD 7 777 2154
2156 #EC 386 1
2157 #EL #BD 392 777 2153
2158 #EL #BD 387 777 2157
2159 #EA 2156 2158
2160 #EA 2159 10
2161 #EA 2160 42
2162 #EA 1143 1099
2163 #EA 2162 1099
2164 #EA 1067 2163
2165 #EA 1536 777
2166 #EA 2165 1099
2167 #EA 2164 2166
2168 #EL #BD 160 567 2167
2169 #EA 2161 2168
2170 #EA 2162 1102
2171 #EA 1062 2170
2172 #EA 1884 1099
2173 #EA 2172 1102
2174 #EA 2173 42
2175 #EL #BD 237 2170 2174
2176 #EA 2171 2175
2177 #EL #BD 160 567 2176
2178 #EA 2169 2177
2179 #EA 1143 1102
2180 #EA 2179 1099
2181 #EA 1062 2180
2182 #EA 1884 1102
2183 #EA 2182 1099
2184 #EA 2183 42
2185 #EL #BD 237 2180 2184
2186 #EA 2181 2185
2187 #EL #BD 160 567 2186
2188 #EA 2178 2187
2189 #EA 2179 1102
2190 #EA 1067 2189
2191 #EA 2165 1102
2192 #EA 2190 2191
2193 #EL #BD 160 567 2192
2194 #EA 2188 2193
2195 #EL #BD 101 777 2194
2196 #EL #BD 7 777 2195
#DEF 385 2155 2196 
393 #NS 0 instDecidableEqBool
2197 #EA 1989 777
2198 #EC 385 
#DEF 393 2197 2198 
394 #NS 247 casesOn
2199 #EA 1107 14
2200 #EA 2199 10
2201 #EA 2200 42
2202 #EP #BD 30 2201 8
2203 #EP #BD 250 10 2202
2204 #EA 1107 12
2205 #EA 2204 14
2206 #EA 2205 42
395 #NS 0 refl
2207 #EA 14 12
2208 #EC 248 7
2209 #EA 2208 86
2210 #EA 2209 12
2211 #EA 2207 2210
2212 #EA 385 10
2213 #EP #BD 395 2211 2212
2214 #EP #BD 30 2206 2213
2215 #EP #BI 250 14 2214
2216 #EP #BI 29 2203 2215
2217 #EP #BI 249 42 2216
2218 #EP #BI 23 223 2217
2219 #EC 297 2 7
2220 #EA 2219 35
2221 #EA 2220 86
2222 #EA 2221 12
2223 #EA 2222 42
2224 #EA 2223 14
2225 #EA 2224 10
2226 #EL #BD 395 2211 2225
2227 #EL #BD 30 2206 2226
2228 #EL #BI 250 14 2227
2229 #EL #BI 29 2203 2228
2230 #EL #BI 249 42 2229
2231 #EL #BI 23 223 2230
#DEF 394 2218 2231 20 64
396 #NS 0 HEq
397 #NS 396 refl
2232 #EC 396 2
2233 #EA 2232 10
2234 #EA 2233 42
2235 #EA 2234 10
2236 #EA 2235 42
2237 #EP #BD 7 42 2236
2238 #EP #BI 23 8 2237
398 #NI 83 447
399 #NI 83 451
2239 #EP #BD 399 42 1045
2240 #EP #BI 24 8 2239
2241 #EP #BD 398 42 2240
2242 #EP #BI 23 8 2241
#IND 2 396 2242 1 397 2238 20
400 #NS 1 le_of_ble_eq_true
401 #NS 400 match_1
402 #NI 121 5306
403 #NS 267 _@
404 #NS 403 Init
405 #NS 404 Prelude
406 #NS 405 _hyg
407 #NI 406 5308
2243 #EC 382 
2244 #EA 2243 10
2245 #EA 2244 42
2246 #EA 1143 2245
2247 #EA 2246 1102
2248 #EP #BD 237 2247 1045
2249 #EP #BD 407 0 2248
2250 #EP #BD 402 0 2249
408 #NI 113 5322
2251 #EA 549 0
2252 #EA 2251 551
2253 #EA 2252 554
2254 #EA 2243 2253
2255 #EA 2254 42
2256 #EA 1143 2255
2257 #EA 2256 1102
2258 #EA 35 555
2259 #EA 2258 10
2260 #EA 2259 42
2261 #EP #BD 237 2257 2260
2262 #EP #BD 408 0 2261
409 #NI 121 5338
410 #NI 121 5337
2263 #EA 2243 362
2264 #EA 2263 382
2265 #EA 1143 2264
2266 #EA 2265 1102
2267 #EA 193 1303
2268 #EA 2267 362
2269 #EA 2268 42
2270 #EP #BD 237 2266 2269
2271 #EP #BD 410 0 2270
2272 #EP #BD 409 0 2271
2273 #EA 181 12
2274 #EA 2273 14
2275 #EP #BD 66 2272 2274
2276 #EP #BD 65 2262 2275
2277 #EP #BD 237 2247 2276
2278 #EP #BD 407 0 2277
2279 #EP #BD 402 0 2278
2280 #EP #BD 29 2250 2279
2281 #EA 2243 42
2282 #EA 2281 86
2283 #EA 1143 2282
2284 #EA 2283 1102
2285 #EA 194 35
2286 #EA 2285 42
2287 #EP #BD 237 2284 2286
2288 #EL #BD 57 0 2287
2289 #EA 1321 2288
2290 #EA 2289 86
2291 #EA 2243 352
2292 #EA 2291 12
2293 #EA 1143 2292
2294 #EA 2293 1102
2295 #EA 14 86
2296 #EA 2295 42
2297 #EL #BD 237 2294 2296
2298 #EA 2290 2297
411 #NI 121 5344
2299 #EA 2243 382
2300 #EA 2299 86
2301 #EA 1143 2300
2302 #EA 2301 1102
2303 #EA 2243 1303
2304 #EA 2303 42
2305 #EA 1143 2304
2306 #EA 2305 1102
2307 #EA 955 1362
2308 #EA 2307 10
2309 #EA 2308 42
2310 #EP #BD 237 2306 2309
2311 #EL #BD 57 0 2310
2312 #EA 1321 2311
2313 #EA 2312 35
2314 #EA 2263 352
2315 #EA 1143 2314
2316 #EA 2315 1102
2317 #EC 394 0 1
2318 #EA 2317 777
2319 #EA 2303 352
2320 #EA 2318 2319
2321 #EA 2243 1362
2322 #EA 2321 352
2323 #EA 1143 2322
2324 #EA 2323 42
2325 #EA 2179 10
2326 #EC 396 0
2327 #EA 2243 1582
2328 #EA 2327 352
2329 #EA 1143 2328
2330 #EA 2329 1102
2331 #EA 2326 2330
2332 #EA 2331 12
2333 #EA 2329 14
2334 #EA 2332 2333
2335 #EA 2334 10
2336 #EA 361 97
2337 #EA 991 2336
2338 #EA 2337 352
2339 #EA 2338 86
2340 #EP #BD 237 2335 2339
2341 #EP #BD 237 2325 2340
2342 #EL #BD 57 2324 2341
2343 #EL #BD 250 777 2342
2344 #EA 2320 2343
2345 #EA 2344 1102
2346 #EA 2345 42
412 #NI 313 5346
2347 #EA 2179 2319
2348 #EA 2323 1102
2349 #EA 2326 2348
2350 #EA 2349 10
2351 #EA 2323 2322
2352 #EA 2350 2351
2353 #EA 1167 2322
2354 #EA 2352 2353
2355 #EA 949 1573
2356 #EA 2355 352
2357 #EA 2356 14
2358 #EP #BD 237 2354 2357
2359 #EA 1542 2358
2360 #EA 2359 1102
2361 #EA 2360 1099
2362 #EA 2361 42
2363 #EL #BD 412 2347 2362
2364 #EA 2346 2363
2365 #EA 1167 1102
2366 #EA 2364 2365
2367 #EC 397 0
2368 #EA 1143 2319
2369 #EA 2368 1102
2370 #EA 2367 2369
2371 #EA 2370 42
2372 #EA 2366 2371
2373 #EL #BD 237 2316 2372
2374 #EA 2313 2373
413 #NI 121 5345
2375 #EA 2303 382
2376 #EA 1143 2375
2377 #EA 2376 1102
2378 #EL #BD 237 2377 1381
2379 #EL #BD 413 0 2378
2380 #EA 2374 2379
2381 #EA 2380 42
2382 #EL #BD 237 2302 2381
2383 #EL #BD 411 0 2382
2384 #EA 2298 2383
2385 #EA 2384 14
2386 #EL #BD 66 2272 2385
2387 #EL #BD 65 2262 2386
2388 #EL #BD 237 2247 2387
2389 #EL #BD 407 0 2388
2390 #EL #BD 402 0 2389
2391 #EL #BD 29 2250 2390
#DEF 401 2280 2391 
414 #NS 1 zero_le
415 #NS 414 match_1
416 #NI 113 4190
417 #NI 416 4201
2392 #EP #BD 0 567 353
2393 #EP #BD 65 2392 386
2394 #EP #BD 417 0 2393
2395 #EP #BD 29 2067 2394
2396 #EA 1321 191
2397 #EA 2396 14
2398 #EA 2397 578
2399 #EA 2398 581
2400 #EL #BD 66 384 2399
2401 #EL #BD 65 2392 2400
2402 #EL #BD 417 0 2401
2403 #EL #BD 29 2067 2402
#DEF 415 2395 2403 
2404 #EC 367 0
2405 #EA 2404 0
2406 #EC 375 
2407 #EA 2405 2406
2408 #EA 2407 555
2409 #EA 2408 42
2410 #EP #BD 4 0 2409
2411 #EL #BD 416 0 2409
2412 #EA 1512 2411
2413 #EA 2412 42
2414 #EA 1516 2411
2415 #EA 2414 42
2416 #EC 415 
418 #NI 113 4218
2417 #EA 2408 10
2418 #EP #BD 418 2415 2417
2419 #EL #BD 417 0 2418
2420 #EA 2416 2419
2421 #EA 2420 10
2422 #EA 2414 352
2423 #EC 371 
2424 #EA 2423 555
2425 #EL #BD 418 2422 2424
2426 #EL #BD 0 567 2425
2427 #EA 2421 2426
2428 #EA 2414 382
2429 #EC 372 
2430 #EA 2429 555
2431 #EA 2430 10
2432 #EA 2431 450
2433 #EL #BD 418 2428 2432
2434 #EL #BD 4 0 2433
2435 #EA 2427 2434
2436 #EA 2435 42
2437 #EL #BD 41 2415 2436
2438 #EL #BD 416 0 2437
2439 #EA 2413 2438
2440 #EL #BD 416 0 2439
#DEF 414 2410 2440 
419 #NS 370 casesOn
2441 #EP #BD 30 2061 1045
2442 #EP #BD 374 0 2441
2443 #EA 2062 42
2444 #EA 2423 12
2445 #EA 2207 2444
420 #NS 0 step
2446 #EA 2056 35
2447 #EA 2446 42
2448 #EA 35 362
2449 #EA 2429 97
2450 #EA 2449 10
2451 #EA 2450 42
2452 #EA 2448 2451
2453 #EP #BD 373 2447 2452
2454 #EP #BI 267 0 2453
2455 #EP #BD 420 2454 210
2456 #EP #BD 395 2445 2455
2457 #EP #BD 30 2443 2456
2458 #EP #BI 374 0 2457
2459 #EP #BI 29 2442 2458
2460 #EP #BI 4 0 2459
421 #NS 370 rec
2461 #EC 421 
2462 #EA 2461 35
2463 #EA 2462 86
2464 #EA 2463 10
2465 #EA 2056 97
2466 #EA 2465 42
422 #NS 33 Init
423 #NS 422 Prelude
424 #NS 423 _hyg
425 #NI 424 4046
2467 #EL #BD 425 976 2212
2468 #EL #BD 373 2466 2467
2469 #EL #BI 267 0 2468
2470 #EA 2464 2469
2471 #EA 2470 12
2472 #EA 2471 14
2473 #EL #BD 420 2454 2472
2474 #EL #BD 395 2445 2473
2475 #EL #BD 30 2443 2474
2476 #EL #BI 374 0 2475
2477 #EL #BI 29 2442 2476
2478 #EL #BI 4 0 2477
#DEF 419 2460 2478 
426 #NS 247 symm
2479 #EA 1117 12
2480 #EA 2479 10
2481 #EA 2480 14
2482 #EP #BD 237 1120 2481
2483 #EP #BI 101 10 2482
2484 #EP #BI 7 42 2483
2485 #EP #BI 23 8 2484
2486 #EC 297 0 2
2487 #EA 2486 12
2488 #EA 2487 14
427 #NI 113 286
428 #NI 313 287
2489 #EA 1117 86
2490 #EA 2489 12
2491 #EA 2490 42
2492 #EA 1117 35
2493 #EA 2492 10
2494 #EA 2493 86
2495 #EL #BD 428 2491 2494
2496 #EL #BD 427 12 2495
2497 #EA 2488 2496
2498 #EC 288 2
2499 #EA 2498 12
2500 #EA 2499 14
2501 #EA 2497 2500
2502 #EA 2501 10
2503 #EA 2502 42
2504 #EL #BD 237 1120 2503
2505 #EL #BI 101 10 2504
2506 #EL #BI 7 42 2505
2507 #EL #BI 23 8 2506
#DEF 426 2485 2507 20
429 #NS 0 cast
2508 #EC 247 8
2509 #EA 2508 8
2510 #EA 2509 10
2511 #EA 2510 42
2512 #EP #BD 237 2511 257
2513 #EP #BI 24 8 2512
2514 #EP #BI 23 8 2513
2515 #EC 297 2 8
2516 #EA 2515 8
2517 #EA 2516 12
430 #NI 113 325
431 #NI 113 324
2518 #EA 2509 86
2519 #EA 2518 42
2520 #EL #BD 431 2519 10
2521 #EL #BD 430 8 2520
2522 #EA 2517 2521
2523 #EA 2522 42
2524 #EA 2523 14
2525 #EA 2524 10
2526 #EL #BD 7 14 2525
2527 #EL #BD 237 2511 2526
2528 #EL #BI 24 8 2527
2529 #EL #BI 23 8 2528
#DEF 429 2514 2529 20
432 #NS 0 eq_of_heq
433 #NS 0 a'
2530 #EA 2232 14
2531 #EA 2530 10
2532 #EA 2531 14
2533 #EA 2532 42
2534 #EA 2479 14
2535 #EA 2534 10
2536 #EP #BD 237 2533 2535
2537 #EP #BI 433 10 2536
2538 #EP #BI 7 42 2537
2539 #EP #BI 23 8 2538
434 #NI 83 496
2540 #EA 2232 12
2541 #EA 2540 10
2542 #EA 2541 14
2543 #EA 2542 42
2544 #EA 2518 12
2545 #EC 429 2
2546 #EA 2545 35
2547 #EA 2546 86
2548 #EA 2547 42
2549 #EA 2548 12
2550 #EA 2489 2549
2551 #EA 2550 14
2552 #EP #BD 237 2544 2551
2553 #EP #BD 434 2543 2552
2554 #EP #BD 101 10 2553
2555 #EP #BD 7 10 2554
2556 #EP #BD 24 8 2555
2557 #EP #BD 23 8 2556
2558 #EA 1567 2557
2559 #EA 2545 86
2560 #EA 2559 86
2561 #EC 288 8
2562 #EA 2561 8
2563 #EA 2562 86
2564 #EA 2560 2563
2565 #EA 2564 12
2566 #EA 2489 2565
2567 #EA 2566 14
2568 #EL #BD 308 2557 2567
2569 #EA 2558 2568
435 #NI 113 513
436 #NI 113 515
437 #NI 113 517
438 #NI 113 519
439 #NS 396 rec
2570 #EC 439 0 2
2571 #EA 2570 86
2572 #EA 2571 14
440 #NI 113 525
441 #NI 113 524
442 #NI 113 523
2573 #EA 2232 97
2574 #EA 2573 86
2575 #EA 2574 10
2576 #EA 2575 42
2577 #EA 2509 193
2578 #EA 2577 14
2579 #EA 2545 195
2580 #EA 2579 12
2581 #EA 2580 42
2582 #EA 2581 97
2583 #EA 2479 2582
2584 #EA 2583 14
2585 #EP #BD 237 2578 2584
2586 #EL #BD 442 2576 2585
2587 #EL #BD 441 42 2586
2588 #EL #BD 440 8 2587
2589 #EA 2572 2588
443 #NI 113 537
2590 #EA 2518 86
2591 #EA 2498 35
2592 #EA 2546 35
2593 #EA 2592 42
2594 #EA 2593 12
2595 #EA 2591 2594
2596 #EL #BD 443 2590 2595
2597 #EA 2589 2596
2598 #EA 2597 12
2599 #EA 2598 10
2600 #EA 2599 42
2601 #EL #BD 325 2543 2600
2602 #EL #BD 438 10 2601
2603 #EL #BD 437 10 2602
2604 #EL #BD 436 8 2603
2605 #EL #BD 435 8 2604
2606 #EA 2569 2605
2607 #EA 42 86
2608 #EA 2607 86
2609 #EA 2608 12
2610 #EA 2609 14
2611 #EA 2610 10
2612 #EA 2611 2563
2613 #EL #BD 308 2557 2612
2614 #EA 2606 2613
2615 #EL #BD 237 2533 2614
2616 #EL #BI 433 10 2615
2617 #EL #BI 7 42 2616
2618 #EL #BI 23 8 2617
#DEF 432 2539 2618 20
444 #NS 1 succ_le_succ
445 #NS 444 match_1
446 #NI 406 4264
447 #NI 113 4247
448 #NI 447 4258
2619 #EA 2407 10
2620 #EA 2619 42
2621 #EP #BD 448 2620 1045
2622 #EP #BD 446 0 2621
2623 #EA 2407 14
2624 #EA 2623 42
2625 #EA 12 86
2626 #EA 2423 86
2627 #EA 2625 2626
2628 #EP #BD 0 567 2627
449 #NI 406 4284
2629 #EA 35 362
2630 #EA 2629 2451
2631 #EP #BD 237 2447 2630
2632 #EP #BD 449 0 2631
2633 #EP #BD 66 2632 210
2634 #EP #BD 65 2628 2633
2635 #EP #BD 448 2624 2634
2636 #EP #BD 446 0 2635
2637 #EP #BD 29 2622 2636
2638 #EP #BI 4 0 2637
2639 #EA 2446 12
2640 #EC 419 
2641 #EA 2640 97
2642 #EA 2056 193
2643 #EA 2642 42
2644 #EA 1594 10
2645 #EA 2407 955
2646 #EA 2645 193
2647 #EA 2326 2646
2648 #EA 2647 97
2649 #EA 2056 955
2650 #EA 2649 14
2651 #EA 2648 2650
2652 #EA 2651 10
2653 #EA 956 193
2654 #EP #BD 237 2652 2653
2655 #EP #BD 237 2644 2654
2656 #EL #BD 57 2643 2655
2657 #EL #BD 374 0 2656
2658 #EA 2641 2657
2659 #EA 2658 86
2660 #EA 2659 42
450 #NI 313 4293
2661 #EA 1579 97
2662 #EC 293 0 1
2663 #EA 2662 0
2664 #EA 2663 193
2665 #EA 2407 195
2666 #EA 2665 42
2667 #EA 2645 10
2668 #EA 2326 2667
2669 #EA 2668 42
2670 #EA 2649 955
2671 #EA 2669 2670
2672 #EA 2423 955
2673 #EA 2671 2672
2674 #EA 955 14
2675 #EA 2674 10
2676 #EP #BD 237 2673 2675
2677 #EP #BD 448 2666 2676
2678 #EL #BD 446 0 2677
2679 #EA 2664 2678
2680 #EA 2407 193
2681 #EA 2680 193
451 #NI 313 4294
2682 #EA 2665 195
2683 #EA 2326 2682
2684 #EA 2683 42
2685 #EA 2056 195
2686 #EA 2685 195
2687 #EA 2684 2686
2688 #EA 2423 195
2689 #EA 2687 2688
2690 #EC 293 0 0
2691 #EA 2645 955
2692 #EA 2690 2691
2693 #EA 2692 2672
2694 #EA 955 949
2695 #EA 2694 42
2696 #EL #BD 448 2691 2695
2697 #EA 2693 2696
2698 #EA 35 577
2699 #EA 2697 2698
2700 #EA 2699 10
2701 #EC 426 0
2702 #EA 2701 2691
2703 #EA 2702 10
2704 #EA 2703 2672
2705 #EC 432 0
2706 #EA 2705 2691
2707 #EA 2706 10
2708 #EA 2707 2672
2709 #EA 2708 42
2710 #EA 2704 2709
2711 #EA 2700 2710
2712 #EL #BD 451 2689 2711
2713 #EL #BD 448 2681 2712
2714 #EA 2679 2713
2715 #EA 2714 35
2716 #EC 426 1
2717 #EA 2716 0
2718 #EA 2717 35
2719 #EA 2718 193
2720 #EA 2719 42
2721 #EA 2715 2720
2722 #EA 2721 86
2723 #EL #BD 450 2661 2722
2724 #EA 2660 2723
452 #NI 406 4291
453 #NI 373 4292
454 #NI 313 4296
2725 #EA 1594 362
2726 #EA 2663 1303
2727 #EA 2407 949
2728 #EA 2727 42
2729 #EA 2407 989
2730 #EA 2729 10
2731 #EA 2326 2730
2732 #EA 2731 42
2733 #EA 2056 989
2734 #EA 2733 1573
2735 #EA 2732 2734
2736 #EA 2429 989
2737 #EA 2736 86
2738 #EA 2737 12
2739 #EA 2735 2738
2740 #EA 1683 10
2741 #EP #BD 237 2739 2740
2742 #EP #BD 448 2728 2741
2743 #EL #BD 446 0 2742
2744 #EA 2726 2743
2745 #EA 2645 1303
455 #NI 313 4297
2746 #EA 2727 1362
2747 #EA 2326 2746
2748 #EA 2747 42
2749 #EA 2056 949
2750 #EA 2749 1362
2751 #EA 2748 2750
2752 #EA 2429 949
2753 #EA 2752 12
2754 #EA 2753 14
2755 #EA 2751 2754
2756 #EA 2729 1573
2757 #EA 2690 2756
2758 #EA 2757 2738
2759 #EA 989 1582
2760 #EA 2759 42
2761 #EL #BD 448 2756 2760
2762 #EA 2758 2761
2763 #EA 1746 12
2764 #EA 2762 2763
2765 #EA 2764 10
2766 #EA 2701 2756
2767 #EA 2766 10
2768 #EA 2767 2738
2769 #EA 2705 2756
2770 #EA 2769 10
2771 #EA 2770 2738
2772 #EA 2771 42
2773 #EA 2768 2772
2774 #EA 2765 2773
2775 #EL #BD 455 2755 2774
2776 #EL #BD 448 2745 2775
2777 #EA 2744 2776
2778 #EA 2777 193
2779 #EA 2717 193
2780 #EA 2779 1303
2781 #EA 2780 42
2782 #EA 2778 2781
2783 #EA 2782 97
2784 #EL #BD 454 2725 2783
2785 #EL #BD 453 2643 2784
2786 #EL #BI 452 0 2785
2787 #EA 2724 2786
2788 #EL #BD 448 2639 2787
2789 #EA 2788 14
2790 #EA 1830 12
2791 #EA 2789 2790
2792 #EA 2407 35
2793 #EA 2792 12
2794 #EA 2367 2793
2795 #EA 2794 14
2796 #EA 2791 2795
2797 #EL #BD 66 2632 2796
2798 #EL #BD 65 2628 2797
2799 #EL #BD 448 2624 2798
2800 #EL #BD 446 0 2799
2801 #EL #BD 29 2622 2800
2802 #EL #BI 4 0 2801
#DEF 445 2638 2802 
456 #NI 83 4234
2803 #EA 2407 1303
2804 #EA 2803 362
2805 #EP #BD 456 2620 2804
2806 #EP #BI 267 0 2805
2807 #EP #BI 4 0 2806
2808 #EA 2407 12
2809 #EA 2808 42
2810 #EA 2407 1573
2811 #EA 2810 362
2812 #EP #BD 447 2809 2811
2813 #EL #BI 267 0 2812
2814 #EA 1512 2813
2815 #EA 2814 10
2816 #EA 2407 86
2817 #EA 2816 42
2818 #EA 2407 1582
2819 #EA 2818 362
2820 #EP #BD 447 2817 2819
2821 #EL #BI 267 0 2820
2822 #EA 1516 2821
2823 #EA 2822 42
2824 #EA 2816 10
2825 #EC 445 
2826 #EA 2825 35
2827 #EA 2407 97
2828 #EA 2827 42
457 #NI 113 4299
2829 #EA 361 955
2830 #EA 2407 2829
2831 #EA 2830 362
2832 #EP #BD 447 2666 2831
2833 #EL #BI 267 0 2832
2834 #EA 1516 2833
2835 #EA 2834 10
2836 #EA 361 195
2837 #EA 2407 2836
2838 #EA 2837 1303
2839 #EP #BD 457 2835 2838
2840 #EL #BD 448 2828 2839
2841 #EL #BD 446 0 2840
2842 #EA 2826 2841
2843 #EA 2842 14
2844 #EA 2843 42
2845 #EA 2680 42
2846 #EA 2837 362
2847 #EP #BD 447 2845 2846
2848 #EL #BI 267 0 2847
2849 #EA 1516 2848
2850 #EA 2849 97
2851 #EA 2423 1596
2852 #EL #BD 457 2850 2851
2853 #EL #BD 0 567 2852
2854 #EA 2844 2853
2855 #EA 2834 362
2856 #EA 2429 2836
2857 #EA 725 14
2858 #ELN 1
2859 #EA 550 2858
2860 #EA 553 2858
2861 #EA 2859 2860
2862 #EA 2857 2861
2863 #EA 2856 2862
2864 #EA 2863 1255
2865 #EL #BD 457 2855 2864
2866 #EL #BD 237 2466 2865
2867 #EL #BD 449 0 2866
2868 #EA 2854 2867
2869 #EA 2868 10
2870 #EL #BD 447 2824 2869
2871 #EL #BD 41 2823 2870
2872 #EL #BI 267 0 2871
2873 #EA 2815 2872
2874 #EA 2873 42
2875 #EL #BD 447 2620 2874
2876 #EL #BI 267 0 2875
2877 #EL #BI 4 0 2876
#DEF 444 2807 2877 
2878 #EA 2404 0
2879 #EA 2878 2406
2880 #EA 2879 14
2881 #EA 2880 10
2882 #EP #BD 237 2247 2881
2883 #EP #BI 267 0 2882
2884 #EP #BI 4 0 2883
2885 #EL #BI 4 0 2883
2886 #EA 1512 2885
2887 #EA 2886 14
2888 #EA 1516 2885
2889 #EA 2888 42
2890 #EA 2243 14
2891 #EA 2890 42
2892 #EA 1143 2891
2893 #EA 2892 1102
2894 #EC 401 
458 #NI 113 5348
2895 #EA 2888 14
2896 #EA 2879 12
2897 #EA 2896 14
2898 #EP #BD 458 2895 2897
2899 #EL #BD 237 2247 2898
2900 #EL #BD 407 0 2899
2901 #EL #BD 402 0 2900
2902 #EA 2894 2901
2903 #EA 2902 12
2904 #EA 2903 10
2905 #EA 2904 42
2906 #EA 2888 555
2907 #EC 414 
2908 #EA 2907 14
2909 #EL #BD 458 2906 2908
2910 #EL #BD 237 2257 2909
2911 #EL #BD 408 0 2910
2912 #EA 2905 2911
2913 #EA 2888 1303
2914 #EC 444 
2915 #EA 2914 12
2916 #EA 2915 14
2917 #EA 451 10
2918 #EA 2916 2917
2919 #EL #BD 458 2913 2918
2920 #EL #BD 237 2266 2919
2921 #EL #BD 410 0 2920
2922 #EL #BD 409 0 2921
2923 #EA 2912 2922
2924 #EA 2923 14
2925 #EL #BD 237 2893 2924
2926 #EL #BI 267 0 2925
2927 #EL #BD 41 2889 2926
2928 #EL #BI 4 0 2927
2929 #EA 2887 2928
2930 #EA 2929 10
2931 #EA 2930 42
2932 #EL #BD 237 2247 2931
2933 #EL #BI 267 0 2932
2934 #EL #BI 4 0 2933
#DEF 400 2884 2934 
459 #NS 1 ble_eq_true_of_le
460 #NS 459 match_1
461 #NI 406 5523
462 #NI 313 5517
2935 #EA 2879 10
2936 #EA 2935 42
2937 #EP #BD 462 2936 1045
2938 #EP #BD 461 0 2937
2939 #EA 2880 42
2940 #EP #BD 462 2939 2634
2941 #EP #BD 461 0 2940
2942 #EP #BD 29 2938 2941
2943 #EP #BI 4 0 2942
2944 #EA 1958 97
2945 #EA 2944 10
2946 #EA 2879 955
2947 #EA 2946 193
2948 #EA 2326 2947
2949 #EA 2948 97
2950 #EA 2949 2650
2951 #EA 2950 10
2952 #EP #BD 237 2951 2653
2953 #EP #BD 237 2945 2952
2954 #EL #BD 57 2643 2953
2955 #EL #BD 374 0 2954
2956 #EA 2641 2955
2957 #EA 2956 86
2958 #EA 2957 42
463 #NI 313 5551
2959 #EA 1958 86
2960 #EA 2959 97
2961 #EA 2662 0
2962 #EA 2961 193
2963 #EA 2879 195
2964 #EA 2963 42
2965 #EA 2946 10
2966 #EA 2326 2965
2967 #EA 2966 42
2968 #EA 2967 2670
2969 #EA 2968 2672
2970 #EP #BD 237 2969 2675
2971 #EP #BD 462 2964 2970
2972 #EL #BD 461 0 2971
2973 #EA 2962 2972
2974 #EA 2879 193
2975 #EA 2974 193
464 #NI 313 5552
2976 #EA 2963 195
2977 #EA 2326 2976
2978 #EA 2977 42
2979 #EA 2978 2686
2980 #EA 2979 2688
2981 #EA 2946 955
2982 #EA 2690 2981
2983 #EA 2982 2672
2984 #EL #BD 462 2981 2695
2985 #EA 2983 2984
2986 #EA 2985 2698
2987 #EA 2986 10
2988 #EA 2701 2981
2989 #EA 2988 10
2990 #EA 2989 2672
2991 #EA 2705 2981
2992 #EA 2991 10
2993 #EA 2992 2672
2994 #EA 2993 42
2995 #EA 2990 2994
2996 #EA 2987 2995
2997 #EL #BD 464 2980 2996
2998 #EL #BD 462 2975 2997
2999 #EA 2973 2998
3000 #EA 2999 35
3001 #EA 2716 0
3002 #EA 3001 35
3003 #EA 3002 193
3004 #EA 3003 42
3005 #EA 3000 3004
3006 #EA 3005 86
3007 #EL #BD 463 2960 3006
3008 #EA 2958 3007
465 #NI 406 5549
466 #NI 373 5550
467 #NI 313 5554
3009 #EA 2944 362
3010 #EA 2961 1303
3011 #EA 2879 949
3012 #EA 3011 42
3013 #EA 2879 989
3014 #EA 3013 10
3015 #EA 2326 3014
3016 #EA 3015 42
3017 #EA 3016 2734
3018 #EA 3017 2738
3019 #EP #BD 237 3018 2740
3020 #EP #BD 462 3012 3019
3021 #EL #BD 461 0 3020
3022 #EA 3010 3021
3023 #EA 2946 1303
468 #NI 313 5555
3024 #EA 3011 1362
3025 #EA 2326 3024
3026 #EA 3025 42
3027 #EA 3026 2750
3028 #EA 3027 2754
3029 #EA 3013 1573
3030 #EA 2690 3029
3031 #EA 3030 2738
3032 #EL #BD 462 3029 2760
3033 #EA 3031 3032
3034 #EA 3033 2763
3035 #EA 3034 10
3036 #EA 2701 3029
3037 #EA 3036 10
3038 #EA 3037 2738
3039 #EA 2705 3029
3040 #EA 3039 10
3041 #EA 3040 2738
3042 #EA 3041 42
3043 #EA 3038 3042
3044 #EA 3035 3043
3045 #EL #BD 468 3028 3044
3046 #EL #BD 462 3023 3045
3047 #EA 3022 3046
3048 #EA 3047 193
3049 #EA 3001 193
3050 #EA 3049 1303
3051 #EA 3050 42
3052 #EA 3048 3051
3053 #EA 3052 97
3054 #EL #BD 467 3009 3053
3055 #EL #BD 466 2643 3054
3056 #EL #BI 465 0 3055
3057 #EA 3008 3056
3058 #EL #BD 462 2639 3057
3059 #EA 3058 14
3060 #EA 1166 0
3061 #EA 3060 12
3062 #EA 3059 3061
3063 #EA 2879 35
3064 #EA 3063 12
3065 #EA 2367 3064
3066 #EA 3065 14
3067 #EA 3062 3066
3068 #EL #BD 66 2632 3067
3069 #EL #BD 65 2628 3068
3070 #EL #BD 462 2939 3069
3071 #EL #BD 461 0 3070
3072 #EL #BD 29 2938 3071
3073 #EL #BI 4 0 3072
#DEF 460 2943 3073 
469 #NS 1 not_succ_le_zero
470 #NS 469 match_3
471 #NI 113 4113
472 #NI 471 4124
3074 #EP #BD 472 0 571
3075 #EP #BD 29 2067 3074
3076 #EL #BD 65 570 2400
3077 #EL #BD 472 0 3076
3078 #EL #BD 29 2067 3077
#DEF 470 3075 3078 
473 #NS 1 ble_self_eq_true
3079 #EA 2281 42
3080 #EA 1143 3079
3081 #EA 3080 1102
3082 #EP #BD 4 0 3081
474 #NI 113 5366
3083 #EL #BD 474 0 3081
3084 #EA 1512 3083
3085 #EA 3084 42
3086 #EA 1516 3083
3087 #EA 3086 42
3088 #EC 470 
475 #NI 474 5377
476 #NI 113 5390
3089 #EA 2244 10
3090 #EA 1143 3089
3091 #EA 3090 1102
3092 #EP #BD 476 3087 3091
3093 #EL #BD 475 0 3092
3094 #EA 3088 3093
3095 #EA 3094 10
3096 #EA 3086 555
3097 #EA 2243 555
3098 #EA 3097 555
3099 #EA 2165 3098
3100 #EL #BD 476 3096 3099
3101 #EL #BD 0 567 3100
3102 #EA 3095 3101
477 #NI 121 4146
3103 #EA 3086 382
3104 #EL #BD 476 3103 450
3105 #EL #BD 477 0 3104
3106 #EA 3102 3105
3107 #EA 3106 42
3108 #EL #BD 41 3087 3107
3109 #EL #BD 474 0 3108
3110 #EA 3085 3109
3111 #EL #BD 474 0 3110
#DEF 473 3082 3111 
478 #NS 1 ble_succ_eq_true
479 #NS 478 match_1
480 #NI 113 5420
481 #NI 480 5447
482 #NI 113 5421
483 #NI 482 5450
3112 #EP #BD 483 0 2248
3113 #EP #BD 481 0 3112
484 #NI 113 5422
485 #NI 484 5453
486 #NI 113 5463
487 #NI 113 5462
3114 #EA 3097 42
3115 #EA 1143 3114
3116 #EA 3115 1102
3117 #EP #BD 487 3116 2260
3118 #EP #BD 486 0 3117
3119 #EP #BD 65 3118 2275
3120 #EP #BD 485 2247 3119
3121 #EP #BD 483 0 3120
3122 #EP #BD 481 0 3121
3123 #EP #BD 29 3113 3122
3124 #EL #BD 57 0 2287
3125 #EA 1321 3124
3126 #EA 3125 86
3127 #EA 3126 2297
488 #NI 121 5486
3128 #EL #BD 57 0 2310
3129 #EA 1321 3128
3130 #EA 3129 35
3131 #EA 3130 2373
3132 #EA 3131 2379
3133 #EA 3132 42
3134 #EL #BD 485 2302 3133
3135 #EL #BD 488 0 3134
3136 #EA 3127 3135
3137 #EA 3136 14
3138 #EL #BD 66 2272 3137
3139 #EL #BD 65 3118 3138
3140 #EL #BD 485 2247 3139
3141 #EL #BD 483 0 3140
3142 #EL #BD 481 0 3141
3143 #EL #BD 29 3113 3142
#DEF 479 3123 3143 
489 #NI 83 5402
3144 #EA 2890 362
3145 #EA 1143 3144
3146 #EA 3145 1102
3147 #EP #BD 489 2247 3146
3148 #EP #BI 267 0 3147
3149 #EP #BI 4 0 3148
3150 #EL #BD 480 0 3148
3151 #EA 1512 3150
3152 #EA 3151 14
3153 #EA 1516 3150
3154 #EA 3153 42
3155 #EC 479 
490 #NI 113 5490
3156 #EA 3153 14
3157 #EA 2243 12
3158 #EA 3157 1303
3159 #EA 1143 3158
3160 #EA 3159 1102
3161 #EP #BD 490 3156 3160
3162 #EL #BD 485 2247 3161
3163 #EL #BD 483 0 3162
3164 #EL #BD 481 0 3163
3165 #EA 3155 3164
3166 #EA 3165 12
3167 #EA 3166 10
3168 #EA 3167 42
3169 #EA 3153 555
3170 #EA 3097 1303
3171 #EA 2165 3170
3172 #EL #BD 490 3169 3171
3173 #EL #BD 487 3116 3172
3174 #EL #BD 486 0 3173
3175 #EA 3168 3174
491 #NI 121 5479
3176 #EA 3153 1303
3177 #EL #BD 490 3176 2917
3178 #EL #BD 237 2266 3177
3179 #EL #BD 491 0 3178
3180 #EL #BD 4 0 3179
3181 #EA 3175 3180
3182 #EA 3181 14
3183 #EL #BD 484 2893 3182
3184 #EL #BD 482 0 3183
3185 #EL #BD 41 3154 3184
3186 #EL #BD 480 0 3185
3187 #EA 3152 3186
3188 #EA 3187 10
3189 #EA 3188 42
3190 #EL #BD 484 2247 3189
3191 #EL #BD 482 0 3190
3192 #EL #BD 480 0 3191
#DEF 478 3149 3192 
3193 #EA 2890 10
3194 #EA 1143 3193
3195 #EA 3194 1102
3196 #EP #BD 237 2936 3195
3197 #EP #BI 267 0 3196
3198 #EP #BI 4 0 3197
3199 #EA 2896 42
3200 #EA 2243 86
3201 #EA 3200 10
3202 #EA 1143 3201
3203 #EA 3202 1102
3204 #EP #BD 237 3199 3203
3205 #EL #BI 267 0 3204
3206 #EA 1512 3205
3207 #EA 3206 10
3208 #EA 2879 86
3209 #EA 3208 42
3210 #EA 2243 35
3211 #EA 3210 10
3212 #EA 1143 3211
3213 #EA 3212 1102
3214 #EP #BD 237 3209 3213
3215 #EL #BI 267 0 3214
3216 #EA 1516 3215
3217 #EA 3216 42
3218 #EA 3208 10
3219 #EC 460 
3220 #EA 3219 35
3221 #EA 2879 97
3222 #EA 3221 42
492 #NI 113 5557
3223 #EA 2243 955
3224 #EA 3223 10
3225 #EA 1143 3224
3226 #EA 3225 1102
3227 #EP #BD 237 2964 3226
3228 #EL #BI 267 0 3227
3229 #EA 1516 3228
3230 #EA 3229 10
3231 #EA 2243 195
3232 #EA 3231 14
3233 #EA 1143 3232
3234 #EA 3233 1102
3235 #EP #BD 492 3230 3234
3236 #EL #BD 462 3222 3235
3237 #EL #BD 461 0 3236
3238 #EA 3220 3237
3239 #EA 3238 14
3240 #EA 3239 42
3241 #EA 2974 42
3242 #EA 3231 10
3243 #EA 1143 3242
3244 #EA 3243 1102
3245 #EP #BD 237 3241 3244
3246 #EL #BI 267 0 3245
3247 #EA 1516 3246
3248 #EA 3247 97
3249 #EC 473 
3250 #EA 3249 193
3251 #EL #BD 492 3248 3250
3252 #EL #BD 0 567 3251
3253 #EA 3240 3252
493 #NI 406 5543
3254 #EA 3229 362
3255 #EC 478 
3256 #EA 3255 195
3257 #EA 3256 14
3258 #EA 3257 1255
3259 #EL #BD 492 3254 3258
3260 #EL #BD 237 2466 3259
3261 #EL #BD 493 0 3260
3262 #EA 3253 3261
3263 #EA 3262 10
3264 #EL #BD 237 3218 3263
3265 #EL #BD 41 3217 3264
3266 #EL #BI 267 0 3265
3267 #EA 3207 3266
3268 #EA 3267 42
3269 #EL #BD 237 2936 3268
3270 #EL #BI 267 0 3269
3271 #EL #BI 4 0 3270
#DEF 459 3198 3271 
494 #NS 1 not_le_of_not_ble_eq_true
3272 #EA 1050 2247
3273 #EA 1050 2881
3274 #EP #BD 237 3272 3273
3275 #EP #BI 267 0 3274
3276 #EP #BI 4 0 3275
495 #NS 0 h'
3277 #EA 3157 14
3278 #EA 1143 3277
3279 #EA 3278 1102
3280 #EA 1925 3279
3281 #EA 3280 1047
3282 #EC 459 
3283 #EA 3282 12
3284 #EA 3283 14
3285 #EA 3284 42
3286 #EA 3281 3285
3287 #EA 3286 10
3288 #EL #BD 495 2881 3287
3289 #EL #BD 237 3272 3288
3290 #EL #BI 267 0 3289
3291 #EL #BI 4 0 3290
#DEF 494 3276 3291 
496 #NS 1 decLe
3292 #EA 1052 2936
3293 #EP #BD 267 0 3292
3294 #EP #BD 4 0 3293
3295 #EC 376 1
3296 #EA 3295 3292
3297 #EA 3296 2247
3298 #EC 393 
3299 #EA 3298 2245
3300 #EA 3299 1102
3301 #EA 3297 3300
3302 #EA 1067 2881
3303 #EC 400 
3304 #EA 3303 14
3305 #EA 3304 10
3306 #EA 3305 42
3307 #EA 3302 3306
3308 #EL #BD 237 2247 3307
3309 #EA 3301 3308
3310 #EA 1062 2881
3311 #EC 494 
3312 #EA 3311 14
3313 #EA 3312 10
3314 #EA 3313 42
3315 #EA 3310 3314
3316 #EL #BD 237 3272 3315
3317 #EA 3309 3316
3318 #EL #BD 267 0 3317
3319 #EL #BD 4 0 3318
#DEF 496 3294 3319 
497 #NS 0 And
498 #NS 497 intro
499 #NS 0 left
500 #NS 0 right
3320 #EC 497 
3321 #EA 3320 12
3322 #EA 3321 14
3323 #EP #BD 500 10 3322
3324 #EP #BD 499 10 3323
3325 #EP #BI 101 1045 3324
3326 #EP #BI 7 1045 3325
3327 #EP #BD 7 1045 1046
#IND 2 497 3327 1 498 3326 
501 #NS 497 right
3328 #EA 3320 10
3329 #EA 3328 42
3330 #EP #BD 87 3329 10
3331 #EP #BI 101 1045 3330
3332 #EP #BI 7 1045 3331
3333 #EJ 497 1 42
3334 #EL #BD 87 3329 3333
3335 #EL #BD 101 1045 3334
3336 #EL #BD 7 1045 3335
#DEF 501 3332 3336 
502 #NS 344 proof_1
3337 #EA 3320 14
3338 #EA 3337 10
3339 #EP #BD 237 3338 1047
3340 #EP #BD 353 1051 3339
3341 #EP #BI 346 1045 3340
3342 #EP #BI 236 1045 3341
3343 #EC 501 
3344 #EA 3343 12
3345 #EA 3344 14
3346 #EA 3345 42
3347 #EA 10 3346
3348 #EL #BD 237 3338 3347
3349 #EL #BD 353 1051 3348
3350 #EL #BI 346 1045 3349
3351 #EL #BI 236 1045 3350
#DEF 502 3342 3351 
503 #NS 497 left
3352 #EP #BD 87 3329 14
3353 #EP #BI 101 1045 3352
3354 #EP #BI 7 1045 3353
3355 #EJ 497 0 42
3356 #EL #BD 87 3329 3355
3357 #EL #BD 101 1045 3356
3358 #EL #BD 7 1045 3357
#DEF 503 3354 3358 
504 #NS 344 proof_2
3359 #EP #BD 363 1098 3339
3360 #EP #BI 346 1045 3359
3361 #EP #BI 236 1045 3360
3362 #EC 503 
3363 #EA 3362 12
3364 #EA 3363 14
3365 #EA 3364 42
3366 #EA 10 3365
3367 #EL #BD 237 3338 3366
3368 #EL #BD 363 1098 3367
3369 #EL #BI 346 1045 3368
3370 #EL #BI 236 1045 3369
#DEF 504 3361 3370 
3371 #EA 1052 3322
3372 #EP #BC 347 1053 3371
3373 #EP #BC 357 1053 3372
3374 #EP #BI 346 1045 3373
3375 #EP #BI 236 1045 3374
3376 #EA 2025 12
505 #NI 361 1934
3377 #EA 3320 86
3378 #EA 3377 12
3379 #EA 1052 3378
3380 #EL #BD 505 2083 3379
3381 #EA 3376 3380
3382 #EA 3381 10
3383 #EA 3320 35
3384 #EA 3383 86
3385 #EA 1052 3384
3386 #EL #BD 352 2083 3385
3387 #EA 3376 3386
3388 #EA 3387 10
3389 #EA 1067 3384
3390 #EC 498 
3391 #EA 3390 35
3392 #EA 3391 86
3393 #EA 3392 10
3394 #EA 3393 42
3395 #EA 3389 3394
3396 #EL #BD 353 12 3395
3397 #EA 3388 3396
3398 #EA 1062 3384
3399 #EC 502 
3400 #EA 3399 35
3401 #EA 3400 86
3402 #EA 3401 42
3403 #EA 3398 3402
3404 #EL #BD 353 1997 3403
3405 #EA 3397 3404
3406 #EL #BD 363 12 3405
3407 #EA 3382 3406
3408 #EA 1062 3378
3409 #EC 504 
3410 #EA 3409 86
3411 #EA 3410 12
3412 #EA 3411 42
3413 #EA 3408 3412
3414 #EL #BD 363 1997 3413
3415 #EA 3407 3414
3416 #EL #BC 347 1053 3415
3417 #EL #BC 357 1053 3416
3418 #EL #BI 346 1045 3417
3419 #EL #BI 236 1045 3418
#DEF 344 3375 3419 
506 #NI 11 273
3420 #EP #BD 506 772 777
3421 #EC 201 1
3422 #EL #BD 222 772 777
3423 #EA 3421 3422
3424 #EA 3423 42
3425 #EC 198 1
3426 #EA 3425 3422
3427 #EA 3426 42
3428 #EC 221 1
507 #NI 61 401
3429 #EP #BD 507 3427 777
3430 #EL #BD 223 772 3429
3431 #EA 3428 3430
3432 #EA 3431 10
3433 #EA 3426 814
3434 #EL #BD 507 3433 1102
3435 #EL #BD 0 567 3434
3436 #EA 3432 3435
3437 #EA 3426 823
3438 #EL #BD 507 3437 1099
3439 #EL #BD 0 567 3438
3440 #EA 3436 3439
3441 #EA 3426 834
3442 #EC 243 
3443 #EC 55 
3444 #EA 3443 14
3445 #EA 1506 3444
3446 #EA 3443 10
3447 #EA 3445 3446
3448 #EA 3442 3447
3449 #EC 343 
3450 #EA 3449 3444
3451 #EA 3450 3446
3452 #EA 3448 3451
3453 #EL #BD 507 3441 3452
3454 #EL #BD 181 3 3453
3455 #EL #BD 180 3 3454
3456 #EA 3440 3455
3457 #EA 3426 847
3458 #EA 1050 3447
3459 #EA 3442 3458
3460 #EC 356 
3461 #EA 3460 3447
3462 #EA 3461 3451
3463 #EA 3459 3462
3464 #EL #BD 507 3457 3463
3465 #EL #BD 181 3 3464
3466 #EL #BD 180 3 3465
3467 #EA 3456 3466
3468 #EA 3426 860
3469 #EA 2407 3444
3470 #EA 3469 3446
3471 #EA 3442 3470
3472 #EC 496 
3473 #EA 3472 3444
3474 #EA 3473 3446
3475 #EA 3471 3474
3476 #EL #BD 507 3468 3475
3477 #EL #BD 181 3 3476
3478 #EL #BD 180 3 3477
3479 #EA 3467 3478
3480 #EA 3426 873
3481 #EA 1050 3470
3482 #EA 3442 3481
3483 #EA 3460 3470
3484 #EA 3483 3474
3485 #EA 3482 3484
3486 #EL #BD 507 3480 3485
3487 #EL #BD 181 3 3486
3488 #EL #BD 180 3 3487
3489 #EA 3479 3488
508 #NS 0 b1
3490 #EA 3426 946
3491 #EA 1143 450
3492 #EA 3491 1102
3493 #EA 1050 3492
3494 #EA 3442 3493
3495 #EA 3460 3492
3496 #EA 3298 450
3497 #EA 3496 1102
3498 #EA 3495 3497
3499 #EA 3494 3498
3500 #EL #BD 507 3490 3499
3501 #EL #BD 508 772 3500
3502 #EA 3489 3501
509 #NS 0 b2
3503 #EA 3426 951
3504 #EA 1143 726
3505 #EA 3504 1102
3506 #EA 3320 3505
3507 #EA 1143 729
3508 #EA 3507 1102
3509 #EA 3506 3508
3510 #EA 3442 3509
3511 #EC 344 
3512 #EA 3511 3505
3513 #EA 3512 3508
3514 #EA 3298 726
3515 #EA 3514 1102
3516 #EA 3513 3515
3517 #EA 3298 729
3518 #EA 3517 1102
3519 #EA 3516 3518
3520 #EA 3510 3519
3521 #EL #BD 507 3503 3520
3522 #EL #BD 509 772 3521
3523 #EL #BD 508 772 3522
3524 #EA 3502 3523
3525 #EA 3524 42
3526 #EL #BD 41 3427 3525
3527 #EL #BD 222 772 3526
3528 #EA 3424 3527
3529 #EL #BD 222 772 3528
#DEF 220 3420 3529 
